[5.461s] DEBUG:colcon:Command line arguments: ['/usr/bin/colcon', 'build']
[5.461s] DEBUG:colcon:Parsed command line arguments: Namespace(allow_overriding=[], ament_cmake_args=None, base_paths=['.'], build_base='build', catkin_cmake_args=None, catkin_skip_building_tests=False, cmake_args=None, cmake_clean_cache=False, cmake_clean_first=False, cmake_force_configure=False, cmake_target=None, cmake_target_skip_unavailable=False, continue_on_error=False, event_handlers=None, executor='parallel', ignore_user_meta=False, install_base='install', log_base=None, log_level=None, main=<bound method BuildVerb.main of <colcon_core.verb.build.BuildVerb object at 0x7f1f782199d0>>, merge_install=False, metas=['./colcon.meta'], packages_above=None, packages_above_and_dependencies=None, packages_above_depth=None, packages_end=None, packages_ignore=None, packages_ignore_regex=None, packages_select=None, packages_select_build_failed=False, packages_select_by_dep=None, packages_select_regex=None, packages_select_test_failures=False, packages_skip=None, packages_skip_build_finished=False, packages_skip_by_dep=None, packages_skip_regex=None, packages_skip_test_passed=False, packages_skip_up_to=None, packages_start=None, packages_up_to=None, packages_up_to_regex=None, parallel_workers=8, paths=None, symlink_install=False, test_result_base=None, verb_extension=<colcon_core.verb.build.BuildVerb object at 0x7f1f782199d0>, verb_name='build', verb_parser=<colcon_defaults.argument_parser.defaults.DefaultArgumentsDecorator object at 0x7f1f778bed60>)
[5.703s] Level 1:colcon.colcon_core.package_discovery:discover_packages(colcon_meta) check parameters
[5.703s] Level 1:colcon.colcon_core.package_discovery:discover_packages(recursive) check parameters
[5.703s] Level 1:colcon.colcon_core.package_discovery:discover_packages(ignore) check parameters
[5.703s] Level 1:colcon.colcon_core.package_discovery:discover_packages(path) check parameters
[5.703s] Level 1:colcon.colcon_core.package_discovery:discover_packages(colcon_meta) discover
[5.703s] Level 1:colcon.colcon_core.package_discovery:discover_packages(recursive) discover
[5.703s] INFO:colcon.colcon_core.package_discovery:Crawling recursively for packages in '/home/sdh/turtlebot3_ws'
[5.704s] Level 1:colcon.colcon_core.package_identification:_identify(.) by extensions ['ignore', 'ignore_ament_install']
[5.704s] Level 1:colcon.colcon_core.package_identification:_identify(.) by extension 'ignore'
[5.704s] Level 1:colcon.colcon_core.package_identification:_identify(.) by extension 'ignore_ament_install'
[5.704s] Level 1:colcon.colcon_core.package_identification:_identify(.) by extensions ['colcon_pkg']
[5.704s] Level 1:colcon.colcon_core.package_identification:_identify(.) by extension 'colcon_pkg'
[5.704s] Level 1:colcon.colcon_core.package_identification:_identify(.) by extensions ['colcon_meta']
[5.704s] Level 1:colcon.colcon_core.package_identification:_identify(.) by extension 'colcon_meta'
[5.704s] Level 1:colcon.colcon_core.package_identification:_identify(.) by extensions ['ros']
[5.704s] Level 1:colcon.colcon_core.package_identification:_identify(.) by extension 'ros'
[5.714s] Level 1:colcon.colcon_core.package_identification:_identify(.) by extensions ['cmake', 'python']
[5.714s] Level 1:colcon.colcon_core.package_identification:_identify(.) by extension 'cmake'
[5.714s] Level 1:colcon.colcon_core.package_identification:_identify(.) by extension 'python'
[5.714s] Level 1:colcon.colcon_core.package_identification:_identify(.) by extensions ['python_setup_py']
[5.715s] Level 1:colcon.colcon_core.package_identification:_identify(.) by extension 'python_setup_py'
[5.715s] Level 1:colcon.colcon_core.package_identification:_identify(build) by extensions ['ignore', 'ignore_ament_install']
[5.715s] Level 1:colcon.colcon_core.package_identification:_identify(build) by extension 'ignore'
[5.715s] Level 1:colcon.colcon_core.package_identification:_identify(build) ignored
[5.715s] Level 1:colcon.colcon_core.package_identification:_identify(install) by extensions ['ignore', 'ignore_ament_install']
[5.715s] Level 1:colcon.colcon_core.package_identification:_identify(install) by extension 'ignore'
[5.715s] Level 1:colcon.colcon_core.package_identification:_identify(install) ignored
[5.715s] Level 1:colcon.colcon_core.package_identification:_identify(log) by extensions ['ignore', 'ignore_ament_install']
[5.715s] Level 1:colcon.colcon_core.package_identification:_identify(log) by extension 'ignore'
[5.715s] Level 1:colcon.colcon_core.package_identification:_identify(log) ignored
[5.715s] Level 1:colcon.colcon_core.package_identification:_identify(src) by extensions ['ignore', 'ignore_ament_install']
[5.715s] Level 1:colcon.colcon_core.package_identification:_identify(src) by extension 'ignore'
[5.716s] Level 1:colcon.colcon_core.package_identification:_identify(src) by extension 'ignore_ament_install'
[5.716s] Level 1:colcon.colcon_core.package_identification:_identify(src) by extensions ['colcon_pkg']
[5.716s] Level 1:colcon.colcon_core.package_identification:_identify(src) by extension 'colcon_pkg'
[5.716s] Level 1:colcon.colcon_core.package_identification:_identify(src) by extensions ['colcon_meta']
[5.716s] Level 1:colcon.colcon_core.package_identification:_identify(src) by extension 'colcon_meta'
[5.716s] Level 1:colcon.colcon_core.package_identification:_identify(src) by extensions ['ros']
[5.716s] Level 1:colcon.colcon_core.package_identification:_identify(src) by extension 'ros'
[5.716s] Level 1:colcon.colcon_core.package_identification:_identify(src) by extensions ['cmake', 'python']
[5.716s] Level 1:colcon.colcon_core.package_identification:_identify(src) by extension 'cmake'
[5.716s] Level 1:colcon.colcon_core.package_identification:_identify(src) by extension 'python'
[5.716s] Level 1:colcon.colcon_core.package_identification:_identify(src) by extensions ['python_setup_py']
[5.716s] Level 1:colcon.colcon_core.package_identification:_identify(src) by extension 'python_setup_py'
[5.716s] Level 1:colcon.colcon_core.package_identification:_identify(src/turtlebot3_simulations) by extensions ['ignore', 'ignore_ament_install']
[5.716s] Level 1:colcon.colcon_core.package_identification:_identify(src/turtlebot3_simulations) by extension 'ignore'
[5.716s] Level 1:colcon.colcon_core.package_identification:_identify(src/turtlebot3_simulations) by extension 'ignore_ament_install'
[5.716s] Level 1:colcon.colcon_core.package_identification:_identify(src/turtlebot3_simulations) by extensions ['colcon_pkg']
[5.716s] Level 1:colcon.colcon_core.package_identification:_identify(src/turtlebot3_simulations) by extension 'colcon_pkg'
[5.716s] Level 1:colcon.colcon_core.package_identification:_identify(src/turtlebot3_simulations) by extensions ['colcon_meta']
[5.716s] Level 1:colcon.colcon_core.package_identification:_identify(src/turtlebot3_simulations) by extension 'colcon_meta'
[5.716s] Level 1:colcon.colcon_core.package_identification:_identify(src/turtlebot3_simulations) by extensions ['ros']
[5.717s] Level 1:colcon.colcon_core.package_identification:_identify(src/turtlebot3_simulations) by extension 'ros'
[5.717s] Level 1:colcon.colcon_core.package_identification:_identify(src/turtlebot3_simulations) by extensions ['cmake', 'python']
[5.717s] Level 1:colcon.colcon_core.package_identification:_identify(src/turtlebot3_simulations) by extension 'cmake'
[5.717s] Level 1:colcon.colcon_core.package_identification:_identify(src/turtlebot3_simulations) by extension 'python'
[5.717s] Level 1:colcon.colcon_core.package_identification:_identify(src/turtlebot3_simulations) by extensions ['python_setup_py']
[5.717s] Level 1:colcon.colcon_core.package_identification:_identify(src/turtlebot3_simulations) by extension 'python_setup_py'
[5.717s] Level 1:colcon.colcon_core.package_identification:_identify(src/turtlebot3_simulations/turtlebot3_fake_node) by extensions ['ignore', 'ignore_ament_install']
[5.717s] Level 1:colcon.colcon_core.package_identification:_identify(src/turtlebot3_simulations/turtlebot3_fake_node) by extension 'ignore'
[5.717s] Level 1:colcon.colcon_core.package_identification:_identify(src/turtlebot3_simulations/turtlebot3_fake_node) by extension 'ignore_ament_install'
[5.717s] Level 1:colcon.colcon_core.package_identification:_identify(src/turtlebot3_simulations/turtlebot3_fake_node) by extensions ['colcon_pkg']
[5.717s] Level 1:colcon.colcon_core.package_identification:_identify(src/turtlebot3_simulations/turtlebot3_fake_node) by extension 'colcon_pkg'
[5.717s] Level 1:colcon.colcon_core.package_identification:_identify(src/turtlebot3_simulations/turtlebot3_fake_node) by extensions ['colcon_meta']
[5.717s] Level 1:colcon.colcon_core.package_identification:_identify(src/turtlebot3_simulations/turtlebot3_fake_node) by extension 'colcon_meta'
[5.717s] Level 1:colcon.colcon_core.package_identification:_identify(src/turtlebot3_simulations/turtlebot3_fake_node) by extensions ['ros']
[5.717s] Level 1:colcon.colcon_core.package_identification:_identify(src/turtlebot3_simulations/turtlebot3_fake_node) by extension 'ros'
[5.720s] DEBUG:colcon.colcon_core.package_identification:Package 'src/turtlebot3_simulations/turtlebot3_fake_node' with type 'ros.ament_cmake' and name 'turtlebot3_fake_node'
[5.720s] Level 1:colcon.colcon_core.package_identification:_identify(src/turtlebot3_simulations/turtlebot3_gazebo) by extensions ['ignore', 'ignore_ament_install']
[5.720s] Level 1:colcon.colcon_core.package_identification:_identify(src/turtlebot3_simulations/turtlebot3_gazebo) by extension 'ignore'
[5.720s] Level 1:colcon.colcon_core.package_identification:_identify(src/turtlebot3_simulations/turtlebot3_gazebo) by extension 'ignore_ament_install'
[5.721s] Level 1:colcon.colcon_core.package_identification:_identify(src/turtlebot3_simulations/turtlebot3_gazebo) by extensions ['colcon_pkg']
[5.721s] Level 1:colcon.colcon_core.package_identification:_identify(src/turtlebot3_simulations/turtlebot3_gazebo) by extension 'colcon_pkg'
[5.721s] Level 1:colcon.colcon_core.package_identification:_identify(src/turtlebot3_simulations/turtlebot3_gazebo) by extensions ['colcon_meta']
[5.721s] Level 1:colcon.colcon_core.package_identification:_identify(src/turtlebot3_simulations/turtlebot3_gazebo) by extension 'colcon_meta'
[5.721s] Level 1:colcon.colcon_core.package_identification:_identify(src/turtlebot3_simulations/turtlebot3_gazebo) by extensions ['ros']
[5.721s] Level 1:colcon.colcon_core.package_identification:_identify(src/turtlebot3_simulations/turtlebot3_gazebo) by extension 'ros'
[5.722s] DEBUG:colcon.colcon_core.package_identification:Package 'src/turtlebot3_simulations/turtlebot3_gazebo' with type 'ros.ament_cmake' and name 'turtlebot3_gazebo'
[5.722s] Level 1:colcon.colcon_core.package_identification:_identify(src/turtlebot3_simulations/turtlebot3_simulations) by extensions ['ignore', 'ignore_ament_install']
[5.722s] Level 1:colcon.colcon_core.package_identification:_identify(src/turtlebot3_simulations/turtlebot3_simulations) by extension 'ignore'
[5.722s] Level 1:colcon.colcon_core.package_identification:_identify(src/turtlebot3_simulations/turtlebot3_simulations) by extension 'ignore_ament_install'
[5.722s] Level 1:colcon.colcon_core.package_identification:_identify(src/turtlebot3_simulations/turtlebot3_simulations) by extensions ['colcon_pkg']
[5.722s] Level 1:colcon.colcon_core.package_identification:_identify(src/turtlebot3_simulations/turtlebot3_simulations) by extension 'colcon_pkg'
[5.722s] Level 1:colcon.colcon_core.package_identification:_identify(src/turtlebot3_simulations/turtlebot3_simulations) by extensions ['colcon_meta']
[5.722s] Level 1:colcon.colcon_core.package_identification:_identify(src/turtlebot3_simulations/turtlebot3_simulations) by extension 'colcon_meta'
[5.722s] Level 1:colcon.colcon_core.package_identification:_identify(src/turtlebot3_simulations/turtlebot3_simulations) by extensions ['ros']
[5.722s] Level 1:colcon.colcon_core.package_identification:_identify(src/turtlebot3_simulations/turtlebot3_simulations) by extension 'ros'
[5.723s] DEBUG:colcon.colcon_core.package_identification:Package 'src/turtlebot3_simulations/turtlebot3_simulations' with type 'ros.ament_cmake' and name 'turtlebot3_simulations'
[5.723s] Level 1:colcon.colcon_core.package_discovery:discover_packages(recursive) using defaults
[5.723s] Level 1:colcon.colcon_core.package_discovery:discover_packages(ignore) discover
[5.723s] Level 1:colcon.colcon_core.package_discovery:discover_packages(ignore) using defaults
[5.723s] Level 1:colcon.colcon_core.package_discovery:discover_packages(path) discover
[5.723s] Level 1:colcon.colcon_core.package_discovery:discover_packages(path) using defaults
[6.237s] Level 1:colcon.colcon_core.package_discovery:discover_packages(prefix_path) check parameters
[6.237s] Level 1:colcon.colcon_core.package_discovery:discover_packages(prefix_path) discover
[6.450s] DEBUG:colcon.colcon_installed_package_information.package_discovery:Found 2 installed packages in /home/sdh/robot_ws/install
[6.549s] DEBUG:colcon.colcon_installed_package_information.package_discovery:Found 336 installed packages in /opt/ros/foxy
[6.551s] Level 1:colcon.colcon_core.package_discovery:discover_packages(prefix_path) using defaults
[6.833s] Level 5:colcon.colcon_core.verb:set package 'turtlebot3_fake_node' build argument 'cmake_args' from command line to 'None'
[6.833s] Level 5:colcon.colcon_core.verb:set package 'turtlebot3_fake_node' build argument 'cmake_target' from command line to 'None'
[6.833s] Level 5:colcon.colcon_core.verb:set package 'turtlebot3_fake_node' build argument 'cmake_target_skip_unavailable' from command line to 'False'
[6.833s] Level 5:colcon.colcon_core.verb:set package 'turtlebot3_fake_node' build argument 'cmake_clean_cache' from command line to 'False'
[6.833s] Level 5:colcon.colcon_core.verb:set package 'turtlebot3_fake_node' build argument 'cmake_clean_first' from command line to 'False'
[6.833s] Level 5:colcon.colcon_core.verb:set package 'turtlebot3_fake_node' build argument 'cmake_force_configure' from command line to 'False'
[6.833s] Level 5:colcon.colcon_core.verb:set package 'turtlebot3_fake_node' build argument 'ament_cmake_args' from command line to 'None'
[6.833s] Level 5:colcon.colcon_core.verb:set package 'turtlebot3_fake_node' build argument 'catkin_cmake_args' from command line to 'None'
[6.833s] Level 5:colcon.colcon_core.verb:set package 'turtlebot3_fake_node' build argument 'catkin_skip_building_tests' from command line to 'False'
[6.833s] DEBUG:colcon.colcon_core.verb:Building package 'turtlebot3_fake_node' with the following arguments: {'ament_cmake_args': None, 'build_base': '/home/sdh/turtlebot3_ws/build/turtlebot3_fake_node', 'catkin_cmake_args': None, 'catkin_skip_building_tests': False, 'cmake_args': None, 'cmake_clean_cache': False, 'cmake_clean_first': False, 'cmake_force_configure': False, 'cmake_target': None, 'cmake_target_skip_unavailable': False, 'install_base': '/home/sdh/turtlebot3_ws/install/turtlebot3_fake_node', 'merge_install': False, 'path': '/home/sdh/turtlebot3_ws/src/turtlebot3_simulations/turtlebot3_fake_node', 'symlink_install': False, 'test_result_base': None}
[6.931s] Level 5:colcon.colcon_core.verb:set package 'turtlebot3_gazebo' build argument 'cmake_args' from command line to 'None'
[6.931s] Level 5:colcon.colcon_core.verb:set package 'turtlebot3_gazebo' build argument 'cmake_target' from command line to 'None'
[6.931s] Level 5:colcon.colcon_core.verb:set package 'turtlebot3_gazebo' build argument 'cmake_target_skip_unavailable' from command line to 'False'
[6.931s] Level 5:colcon.colcon_core.verb:set package 'turtlebot3_gazebo' build argument 'cmake_clean_cache' from command line to 'False'
[6.931s] Level 5:colcon.colcon_core.verb:set package 'turtlebot3_gazebo' build argument 'cmake_clean_first' from command line to 'False'
[6.931s] Level 5:colcon.colcon_core.verb:set package 'turtlebot3_gazebo' build argument 'cmake_force_configure' from command line to 'False'
[6.931s] Level 5:colcon.colcon_core.verb:set package 'turtlebot3_gazebo' build argument 'ament_cmake_args' from command line to 'None'
[6.931s] Level 5:colcon.colcon_core.verb:set package 'turtlebot3_gazebo' build argument 'catkin_cmake_args' from command line to 'None'
[6.931s] Level 5:colcon.colcon_core.verb:set package 'turtlebot3_gazebo' build argument 'catkin_skip_building_tests' from command line to 'False'
[6.931s] DEBUG:colcon.colcon_core.verb:Building package 'turtlebot3_gazebo' with the following arguments: {'ament_cmake_args': None, 'build_base': '/home/sdh/turtlebot3_ws/build/turtlebot3_gazebo', 'catkin_cmake_args': None, 'catkin_skip_building_tests': False, 'cmake_args': None, 'cmake_clean_cache': False, 'cmake_clean_first': False, 'cmake_force_configure': False, 'cmake_target': None, 'cmake_target_skip_unavailable': False, 'install_base': '/home/sdh/turtlebot3_ws/install/turtlebot3_gazebo', 'merge_install': False, 'path': '/home/sdh/turtlebot3_ws/src/turtlebot3_simulations/turtlebot3_gazebo', 'symlink_install': False, 'test_result_base': None}
[7.029s] Level 5:colcon.colcon_core.verb:set package 'turtlebot3_simulations' build argument 'cmake_args' from command line to 'None'
[7.029s] Level 5:colcon.colcon_core.verb:set package 'turtlebot3_simulations' build argument 'cmake_target' from command line to 'None'
[7.029s] Level 5:colcon.colcon_core.verb:set package 'turtlebot3_simulations' build argument 'cmake_target_skip_unavailable' from command line to 'False'
[7.029s] Level 5:colcon.colcon_core.verb:set package 'turtlebot3_simulations' build argument 'cmake_clean_cache' from command line to 'False'
[7.029s] Level 5:colcon.colcon_core.verb:set package 'turtlebot3_simulations' build argument 'cmake_clean_first' from command line to 'False'
[7.029s] Level 5:colcon.colcon_core.verb:set package 'turtlebot3_simulations' build argument 'cmake_force_configure' from command line to 'False'
[7.029s] Level 5:colcon.colcon_core.verb:set package 'turtlebot3_simulations' build argument 'ament_cmake_args' from command line to 'None'
[7.029s] Level 5:colcon.colcon_core.verb:set package 'turtlebot3_simulations' build argument 'catkin_cmake_args' from command line to 'None'
[7.029s] Level 5:colcon.colcon_core.verb:set package 'turtlebot3_simulations' build argument 'catkin_skip_building_tests' from command line to 'False'
[7.029s] DEBUG:colcon.colcon_core.verb:Building package 'turtlebot3_simulations' with the following arguments: {'ament_cmake_args': None, 'build_base': '/home/sdh/turtlebot3_ws/build/turtlebot3_simulations', 'catkin_cmake_args': None, 'catkin_skip_building_tests': False, 'cmake_args': None, 'cmake_clean_cache': False, 'cmake_clean_first': False, 'cmake_force_configure': False, 'cmake_target': None, 'cmake_target_skip_unavailable': False, 'install_base': '/home/sdh/turtlebot3_ws/install/turtlebot3_simulations', 'merge_install': False, 'path': '/home/sdh/turtlebot3_ws/src/turtlebot3_simulations/turtlebot3_simulations', 'symlink_install': False, 'test_result_base': None}
[7.127s] INFO:colcon.colcon_core.executor:Executing jobs using 'parallel' executor
[7.225s] DEBUG:colcon.colcon_parallel_executor.executor.parallel:run_until_complete
[7.226s] INFO:colcon.colcon_ros.task.ament_cmake.build:Building ROS package in '/home/sdh/turtlebot3_ws/src/turtlebot3_simulations/turtlebot3_fake_node' with build type 'ament_cmake'
[7.226s] INFO:colcon.colcon_cmake.task.cmake.build:Building CMake package in '/home/sdh/turtlebot3_ws/src/turtlebot3_simulations/turtlebot3_fake_node'
[7.326s] INFO:colcon.colcon_core.plugin_system:Skipping extension 'colcon_core.shell.bat': Not used on non-Windows systems
[7.326s] INFO:colcon.colcon_core.shell:Skip shell extension 'powershell' for command environment: Not usable outside of PowerShell
[7.326s] DEBUG:colcon.colcon_core.shell:Skip shell extension 'dsv' for command environment
[7.626s] INFO:colcon.colcon_ros.task.ament_cmake.build:Building ROS package in '/home/sdh/turtlebot3_ws/src/turtlebot3_simulations/turtlebot3_gazebo' with build type 'ament_cmake'
[7.626s] INFO:colcon.colcon_cmake.task.cmake.build:Building CMake package in '/home/sdh/turtlebot3_ws/src/turtlebot3_simulations/turtlebot3_gazebo'
[7.727s] INFO:colcon.colcon_core.shell:Skip shell extension 'powershell' for command environment: Not usable outside of PowerShell
[7.727s] DEBUG:colcon.colcon_core.shell:Skip shell extension 'dsv' for command environment
[8.030s] DEBUG:colcon.colcon_core.event_handler.log_command:Invoking command in '/home/sdh/turtlebot3_ws/build/turtlebot3_fake_node': CMAKE_PREFIX_PATH=/home/sdh/robot_ws/install/turtle_pkg:/home/sdh/robot_ws/install/py_pubsub:/opt/ros/foxy /usr/bin/cmake /home/sdh/turtlebot3_ws/src/turtlebot3_simulations/turtlebot3_fake_node -DCMAKE_INSTALL_PREFIX=/home/sdh/turtlebot3_ws/install/turtlebot3_fake_node
[8.041s] DEBUG:colcon.colcon_core.event_handler.log_command:Invoking command in '/home/sdh/turtlebot3_ws/build/turtlebot3_gazebo': CMAKE_PREFIX_PATH=/home/sdh/robot_ws/install/turtle_pkg:/home/sdh/robot_ws/install/py_pubsub:/opt/ros/foxy /usr/bin/cmake /home/sdh/turtlebot3_ws/src/turtlebot3_simulations/turtlebot3_gazebo -DCMAKE_INSTALL_PREFIX=/home/sdh/turtlebot3_ws/install/turtlebot3_gazebo
[9.279s] DEBUG:colcon.colcon_core.event_handler.log_command:Invoked command in '/home/sdh/turtlebot3_ws/build/turtlebot3_fake_node' returned '0': CMAKE_PREFIX_PATH=/home/sdh/robot_ws/install/turtle_pkg:/home/sdh/robot_ws/install/py_pubsub:/opt/ros/foxy /usr/bin/cmake /home/sdh/turtlebot3_ws/src/turtlebot3_simulations/turtlebot3_fake_node -DCMAKE_INSTALL_PREFIX=/home/sdh/turtlebot3_ws/install/turtlebot3_fake_node
[9.283s] DEBUG:colcon.colcon_core.event_handler.log_command:Invoking command in '/home/sdh/turtlebot3_ws/build/turtlebot3_fake_node': CMAKE_PREFIX_PATH=/home/sdh/robot_ws/install/turtle_pkg:/home/sdh/robot_ws/install/py_pubsub:/opt/ros/foxy /usr/bin/cmake --build /home/sdh/turtlebot3_ws/build/turtlebot3_fake_node -- -j8 -l8
[11.392s] DEBUG:colcon.colcon_core.event_handler.log_command:Invoked command in '/home/sdh/turtlebot3_ws/build/turtlebot3_gazebo' returned '0': CMAKE_PREFIX_PATH=/home/sdh/robot_ws/install/turtle_pkg:/home/sdh/robot_ws/install/py_pubsub:/opt/ros/foxy /usr/bin/cmake /home/sdh/turtlebot3_ws/src/turtlebot3_simulations/turtlebot3_gazebo -DCMAKE_INSTALL_PREFIX=/home/sdh/turtlebot3_ws/install/turtlebot3_gazebo
[11.396s] DEBUG:colcon.colcon_core.event_handler.log_command:Invoking command in '/home/sdh/turtlebot3_ws/build/turtlebot3_gazebo': CMAKE_PREFIX_PATH=/home/sdh/robot_ws/install/turtle_pkg:/home/sdh/robot_ws/install/py_pubsub:/opt/ros/foxy /usr/bin/cmake --build /home/sdh/turtlebot3_ws/build/turtlebot3_gazebo -- -j8 -l8
[21.741s] DEBUG:colcon.colcon_core.event_handler.log_command:Invoked command in '/home/sdh/turtlebot3_ws/build/turtlebot3_fake_node' returned '0': CMAKE_PREFIX_PATH=/home/sdh/robot_ws/install/turtle_pkg:/home/sdh/robot_ws/install/py_pubsub:/opt/ros/foxy /usr/bin/cmake --build /home/sdh/turtlebot3_ws/build/turtlebot3_fake_node -- -j8 -l8
[21.809s] DEBUG:colcon.colcon_core.event_handler.log_command:Invoking command in '/home/sdh/turtlebot3_ws/build/turtlebot3_fake_node': CMAKE_PREFIX_PATH=/home/sdh/robot_ws/install/turtle_pkg:/home/sdh/robot_ws/install/py_pubsub:/opt/ros/foxy /usr/bin/cmake --install /home/sdh/turtlebot3_ws/build/turtlebot3_fake_node
[22.203s] Level 1:colcon.colcon_core.environment:create_environment_scripts_only(turtlebot3_fake_node)
[22.204s] DEBUG:colcon.colcon_core.event_handler.log_command:Invoked command in '/home/sdh/turtlebot3_ws/build/turtlebot3_fake_node' returned '0': CMAKE_PREFIX_PATH=/home/sdh/robot_ws/install/turtle_pkg:/home/sdh/robot_ws/install/py_pubsub:/opt/ros/foxy /usr/bin/cmake --install /home/sdh/turtlebot3_ws/build/turtlebot3_fake_node
[22.329s] Level 1:colcon.colcon_core.environment:checking '/home/sdh/turtlebot3_ws/install/turtlebot3_fake_node' for CMake module files
[22.329s] Level 1:colcon.colcon_core.environment:checking '/home/sdh/turtlebot3_ws/install/turtlebot3_fake_node' for CMake config files
[22.330s] Level 1:colcon.colcon_core.shell:create_environment_hook('turtlebot3_fake_node', 'cmake_prefix_path')
[22.435s] INFO:colcon.colcon_core.shell:Creating environment hook '/home/sdh/turtlebot3_ws/install/turtlebot3_fake_node/share/turtlebot3_fake_node/hook/cmake_prefix_path.ps1'
[22.435s] INFO:colcon.colcon_core.shell:Creating environment descriptor '/home/sdh/turtlebot3_ws/install/turtlebot3_fake_node/share/turtlebot3_fake_node/hook/cmake_prefix_path.dsv'
[22.436s] INFO:colcon.colcon_core.shell:Creating environment hook '/home/sdh/turtlebot3_ws/install/turtlebot3_fake_node/share/turtlebot3_fake_node/hook/cmake_prefix_path.sh'
[22.437s] Level 1:colcon.colcon_core.environment:checking '/home/sdh/turtlebot3_ws/install/turtlebot3_fake_node/lib'
[22.437s] Level 1:colcon.colcon_core.environment:checking '/home/sdh/turtlebot3_ws/install/turtlebot3_fake_node/bin'
[22.437s] Level 1:colcon.colcon_core.environment:checking '/home/sdh/turtlebot3_ws/install/turtlebot3_fake_node/lib/pkgconfig/turtlebot3_fake_node.pc'
[22.437s] Level 1:colcon.colcon_core.environment:checking '/home/sdh/turtlebot3_ws/install/turtlebot3_fake_node/lib/python3.8/site-packages'
[22.437s] Level 1:colcon.colcon_core.environment:checking '/home/sdh/turtlebot3_ws/install/turtlebot3_fake_node/bin'
[22.544s] INFO:colcon.colcon_core.shell:Creating package script '/home/sdh/turtlebot3_ws/install/turtlebot3_fake_node/share/turtlebot3_fake_node/package.ps1'
[22.544s] INFO:colcon.colcon_core.shell:Creating package descriptor '/home/sdh/turtlebot3_ws/install/turtlebot3_fake_node/share/turtlebot3_fake_node/package.dsv'
[22.545s] INFO:colcon.colcon_core.shell:Creating package script '/home/sdh/turtlebot3_ws/install/turtlebot3_fake_node/share/turtlebot3_fake_node/package.sh'
[22.545s] INFO:colcon.colcon_core.shell:Creating package script '/home/sdh/turtlebot3_ws/install/turtlebot3_fake_node/share/turtlebot3_fake_node/package.bash'
[22.546s] INFO:colcon.colcon_core.shell:Creating package script '/home/sdh/turtlebot3_ws/install/turtlebot3_fake_node/share/turtlebot3_fake_node/package.zsh'
[22.547s] Level 1:colcon.colcon_core.environment:create_file_with_runtime_dependencies(/home/sdh/turtlebot3_ws/install/turtlebot3_fake_node/share/colcon-core/packages/turtlebot3_fake_node)
[22.696s] Level 1:colcon.colcon_core.environment:create_environment_scripts_only(turtlebot3_fake_node)
[22.807s] Level 1:colcon.colcon_core.environment:checking '/home/sdh/turtlebot3_ws/install/turtlebot3_fake_node' for CMake module files
[22.808s] Level 1:colcon.colcon_core.environment:checking '/home/sdh/turtlebot3_ws/install/turtlebot3_fake_node' for CMake config files
[22.808s] Level 1:colcon.colcon_core.shell:create_environment_hook('turtlebot3_fake_node', 'cmake_prefix_path')
[22.918s] INFO:colcon.colcon_core.shell:Creating environment hook '/home/sdh/turtlebot3_ws/install/turtlebot3_fake_node/share/turtlebot3_fake_node/hook/cmake_prefix_path.ps1'
[22.919s] INFO:colcon.colcon_core.shell:Creating environment descriptor '/home/sdh/turtlebot3_ws/install/turtlebot3_fake_node/share/turtlebot3_fake_node/hook/cmake_prefix_path.dsv'
[22.920s] INFO:colcon.colcon_core.shell:Creating environment hook '/home/sdh/turtlebot3_ws/install/turtlebot3_fake_node/share/turtlebot3_fake_node/hook/cmake_prefix_path.sh'
[22.920s] Level 1:colcon.colcon_core.environment:checking '/home/sdh/turtlebot3_ws/install/turtlebot3_fake_node/lib'
[22.920s] Level 1:colcon.colcon_core.environment:checking '/home/sdh/turtlebot3_ws/install/turtlebot3_fake_node/bin'
[22.921s] Level 1:colcon.colcon_core.environment:checking '/home/sdh/turtlebot3_ws/install/turtlebot3_fake_node/lib/pkgconfig/turtlebot3_fake_node.pc'
[22.921s] Level 1:colcon.colcon_core.environment:checking '/home/sdh/turtlebot3_ws/install/turtlebot3_fake_node/lib/python3.8/site-packages'
[22.921s] Level 1:colcon.colcon_core.environment:checking '/home/sdh/turtlebot3_ws/install/turtlebot3_fake_node/bin'
[23.040s] INFO:colcon.colcon_core.shell:Creating package script '/home/sdh/turtlebot3_ws/install/turtlebot3_fake_node/share/turtlebot3_fake_node/package.ps1'
[23.040s] INFO:colcon.colcon_core.shell:Creating package descriptor '/home/sdh/turtlebot3_ws/install/turtlebot3_fake_node/share/turtlebot3_fake_node/package.dsv'
[23.041s] INFO:colcon.colcon_core.shell:Creating package script '/home/sdh/turtlebot3_ws/install/turtlebot3_fake_node/share/turtlebot3_fake_node/package.sh'
[23.041s] INFO:colcon.colcon_core.shell:Creating package script '/home/sdh/turtlebot3_ws/install/turtlebot3_fake_node/share/turtlebot3_fake_node/package.bash'
[23.042s] INFO:colcon.colcon_core.shell:Creating package script '/home/sdh/turtlebot3_ws/install/turtlebot3_fake_node/share/turtlebot3_fake_node/package.zsh'
[23.042s] Level 1:colcon.colcon_core.environment:create_file_with_runtime_dependencies(/home/sdh/turtlebot3_ws/install/turtlebot3_fake_node/share/colcon-core/packages/turtlebot3_fake_node)
[28.846s] DEBUG:colcon.colcon_core.event_handler.log_command:Invoked command in '/home/sdh/turtlebot3_ws/build/turtlebot3_gazebo' returned '0': CMAKE_PREFIX_PATH=/home/sdh/robot_ws/install/turtle_pkg:/home/sdh/robot_ws/install/py_pubsub:/opt/ros/foxy /usr/bin/cmake --build /home/sdh/turtlebot3_ws/build/turtlebot3_gazebo -- -j8 -l8
[28.887s] DEBUG:colcon.colcon_core.event_handler.log_command:Invoking command in '/home/sdh/turtlebot3_ws/build/turtlebot3_gazebo': CMAKE_PREFIX_PATH=/home/sdh/robot_ws/install/turtle_pkg:/home/sdh/robot_ws/install/py_pubsub:/opt/ros/foxy /usr/bin/cmake --install /home/sdh/turtlebot3_ws/build/turtlebot3_gazebo
[30.260s] Level 1:colcon.colcon_core.environment:create_environment_scripts_only(turtlebot3_gazebo)
[30.261s] DEBUG:colcon.colcon_core.event_handler.log_command:Invoked command in '/home/sdh/turtlebot3_ws/build/turtlebot3_gazebo' returned '0': CMAKE_PREFIX_PATH=/home/sdh/robot_ws/install/turtle_pkg:/home/sdh/robot_ws/install/py_pubsub:/opt/ros/foxy /usr/bin/cmake --install /home/sdh/turtlebot3_ws/build/turtlebot3_gazebo
[30.362s] Level 1:colcon.colcon_core.environment:checking '/home/sdh/turtlebot3_ws/install/turtlebot3_gazebo' for CMake module files
[30.363s] Level 1:colcon.colcon_core.environment:checking '/home/sdh/turtlebot3_ws/install/turtlebot3_gazebo' for CMake config files
[30.365s] Level 1:colcon.colcon_core.shell:create_environment_hook('turtlebot3_gazebo', 'cmake_prefix_path')
[30.464s] INFO:colcon.colcon_core.shell:Creating environment hook '/home/sdh/turtlebot3_ws/install/turtlebot3_gazebo/share/turtlebot3_gazebo/hook/cmake_prefix_path.ps1'
[30.465s] INFO:colcon.colcon_core.shell:Creating environment descriptor '/home/sdh/turtlebot3_ws/install/turtlebot3_gazebo/share/turtlebot3_gazebo/hook/cmake_prefix_path.dsv'
[30.465s] INFO:colcon.colcon_core.shell:Creating environment hook '/home/sdh/turtlebot3_ws/install/turtlebot3_gazebo/share/turtlebot3_gazebo/hook/cmake_prefix_path.sh'
[30.466s] Level 1:colcon.colcon_core.environment:checking '/home/sdh/turtlebot3_ws/install/turtlebot3_gazebo/lib'
[30.466s] Level 1:colcon.colcon_core.environment:checking '/home/sdh/turtlebot3_ws/install/turtlebot3_gazebo/bin'
[30.466s] Level 1:colcon.colcon_core.environment:checking '/home/sdh/turtlebot3_ws/install/turtlebot3_gazebo/lib/pkgconfig/turtlebot3_gazebo.pc'
[30.466s] Level 1:colcon.colcon_core.environment:checking '/home/sdh/turtlebot3_ws/install/turtlebot3_gazebo/lib/python3.8/site-packages'
[30.466s] Level 1:colcon.colcon_core.environment:checking '/home/sdh/turtlebot3_ws/install/turtlebot3_gazebo/bin'
[30.566s] INFO:colcon.colcon_core.shell:Creating package script '/home/sdh/turtlebot3_ws/install/turtlebot3_gazebo/share/turtlebot3_gazebo/package.ps1'
[30.567s] INFO:colcon.colcon_core.shell:Creating package descriptor '/home/sdh/turtlebot3_ws/install/turtlebot3_gazebo/share/turtlebot3_gazebo/package.dsv'
[30.567s] INFO:colcon.colcon_core.shell:Creating package script '/home/sdh/turtlebot3_ws/install/turtlebot3_gazebo/share/turtlebot3_gazebo/package.sh'
[30.567s] INFO:colcon.colcon_core.shell:Creating package script '/home/sdh/turtlebot3_ws/install/turtlebot3_gazebo/share/turtlebot3_gazebo/package.bash'
[30.568s] INFO:colcon.colcon_core.shell:Creating package script '/home/sdh/turtlebot3_ws/install/turtlebot3_gazebo/share/turtlebot3_gazebo/package.zsh'
[30.568s] Level 1:colcon.colcon_core.environment:create_file_with_runtime_dependencies(/home/sdh/turtlebot3_ws/install/turtlebot3_gazebo/share/colcon-core/packages/turtlebot3_gazebo)
[30.707s] Level 1:colcon.colcon_core.environment:create_environment_scripts_only(turtlebot3_gazebo)
[30.807s] Level 1:colcon.colcon_core.environment:checking '/home/sdh/turtlebot3_ws/install/turtlebot3_gazebo' for CMake module files
[30.807s] Level 1:colcon.colcon_core.environment:checking '/home/sdh/turtlebot3_ws/install/turtlebot3_gazebo' for CMake config files
[30.809s] Level 1:colcon.colcon_core.shell:create_environment_hook('turtlebot3_gazebo', 'cmake_prefix_path')
[30.909s] INFO:colcon.colcon_core.shell:Creating environment hook '/home/sdh/turtlebot3_ws/install/turtlebot3_gazebo/share/turtlebot3_gazebo/hook/cmake_prefix_path.ps1'
[30.909s] INFO:colcon.colcon_core.shell:Creating environment descriptor '/home/sdh/turtlebot3_ws/install/turtlebot3_gazebo/share/turtlebot3_gazebo/hook/cmake_prefix_path.dsv'
[30.910s] INFO:colcon.colcon_core.shell:Creating environment hook '/home/sdh/turtlebot3_ws/install/turtlebot3_gazebo/share/turtlebot3_gazebo/hook/cmake_prefix_path.sh'
[30.910s] Level 1:colcon.colcon_core.environment:checking '/home/sdh/turtlebot3_ws/install/turtlebot3_gazebo/lib'
[30.910s] Level 1:colcon.colcon_core.environment:checking '/home/sdh/turtlebot3_ws/install/turtlebot3_gazebo/bin'
[30.910s] Level 1:colcon.colcon_core.environment:checking '/home/sdh/turtlebot3_ws/install/turtlebot3_gazebo/lib/pkgconfig/turtlebot3_gazebo.pc'
[30.911s] Level 1:colcon.colcon_core.environment:checking '/home/sdh/turtlebot3_ws/install/turtlebot3_gazebo/lib/python3.8/site-packages'
[30.911s] Level 1:colcon.colcon_core.environment:checking '/home/sdh/turtlebot3_ws/install/turtlebot3_gazebo/bin'
[31.024s] INFO:colcon.colcon_core.shell:Creating package script '/home/sdh/turtlebot3_ws/install/turtlebot3_gazebo/share/turtlebot3_gazebo/package.ps1'
[31.025s] INFO:colcon.colcon_core.shell:Creating package descriptor '/home/sdh/turtlebot3_ws/install/turtlebot3_gazebo/share/turtlebot3_gazebo/package.dsv'
[31.025s] INFO:colcon.colcon_core.shell:Creating package script '/home/sdh/turtlebot3_ws/install/turtlebot3_gazebo/share/turtlebot3_gazebo/package.sh'
[31.025s] INFO:colcon.colcon_core.shell:Creating package script '/home/sdh/turtlebot3_ws/install/turtlebot3_gazebo/share/turtlebot3_gazebo/package.bash'
[31.026s] INFO:colcon.colcon_core.shell:Creating package script '/home/sdh/turtlebot3_ws/install/turtlebot3_gazebo/share/turtlebot3_gazebo/package.zsh'
[31.026s] Level 1:colcon.colcon_core.environment:create_file_with_runtime_dependencies(/home/sdh/turtlebot3_ws/install/turtlebot3_gazebo/share/colcon-core/packages/turtlebot3_gazebo)
[31.027s] INFO:colcon.colcon_ros.task.ament_cmake.build:Building ROS package in '/home/sdh/turtlebot3_ws/src/turtlebot3_simulations/turtlebot3_simulations' with build type 'ament_cmake'
[31.027s] INFO:colcon.colcon_cmake.task.cmake.build:Building CMake package in '/home/sdh/turtlebot3_ws/src/turtlebot3_simulations/turtlebot3_simulations'
[31.130s] INFO:colcon.colcon_core.shell:Skip shell extension 'powershell' for command environment: Not usable outside of PowerShell
[31.130s] DEBUG:colcon.colcon_core.shell:Skip shell extension 'dsv' for command environment
[31.468s] DEBUG:colcon.colcon_core.event_handler.log_command:Invoking command in '/home/sdh/turtlebot3_ws/build/turtlebot3_simulations': AMENT_PREFIX_PATH=/home/sdh/turtlebot3_ws/install/turtlebot3_gazebo:/home/sdh/turtlebot3_ws/install/turtlebot3_fake_node:${AMENT_PREFIX_PATH} CMAKE_PREFIX_PATH=/home/sdh/turtlebot3_ws/install/turtlebot3_gazebo:/home/sdh/turtlebot3_ws/install/turtlebot3_fake_node:/home/sdh/robot_ws/install/turtle_pkg:/home/sdh/robot_ws/install/py_pubsub:/opt/ros/foxy /usr/bin/cmake /home/sdh/turtlebot3_ws/src/turtlebot3_simulations/turtlebot3_simulations -DCMAKE_INSTALL_PREFIX=/home/sdh/turtlebot3_ws/install/turtlebot3_simulations
[32.773s] DEBUG:colcon.colcon_core.event_handler.log_command:Invoked command in '/home/sdh/turtlebot3_ws/build/turtlebot3_simulations' returned '0': AMENT_PREFIX_PATH=/home/sdh/turtlebot3_ws/install/turtlebot3_gazebo:/home/sdh/turtlebot3_ws/install/turtlebot3_fake_node:${AMENT_PREFIX_PATH} CMAKE_PREFIX_PATH=/home/sdh/turtlebot3_ws/install/turtlebot3_gazebo:/home/sdh/turtlebot3_ws/install/turtlebot3_fake_node:/home/sdh/robot_ws/install/turtle_pkg:/home/sdh/robot_ws/install/py_pubsub:/opt/ros/foxy /usr/bin/cmake /home/sdh/turtlebot3_ws/src/turtlebot3_simulations/turtlebot3_simulations -DCMAKE_INSTALL_PREFIX=/home/sdh/turtlebot3_ws/install/turtlebot3_simulations
[32.777s] DEBUG:colcon.colcon_core.event_handler.log_command:Invoking command in '/home/sdh/turtlebot3_ws/build/turtlebot3_simulations': AMENT_PREFIX_PATH=/home/sdh/turtlebot3_ws/install/turtlebot3_gazebo:/home/sdh/turtlebot3_ws/install/turtlebot3_fake_node:${AMENT_PREFIX_PATH} CMAKE_PREFIX_PATH=/home/sdh/turtlebot3_ws/install/turtlebot3_gazebo:/home/sdh/turtlebot3_ws/install/turtlebot3_fake_node:/home/sdh/robot_ws/install/turtle_pkg:/home/sdh/robot_ws/install/py_pubsub:/opt/ros/foxy /usr/bin/cmake --build /home/sdh/turtlebot3_ws/build/turtlebot3_simulations -- -j8 -l8
[32.818s] DEBUG:colcon.colcon_core.event_handler.log_command:Invoked command in '/home/sdh/turtlebot3_ws/build/turtlebot3_simulations' returned '0': AMENT_PREFIX_PATH=/home/sdh/turtlebot3_ws/install/turtlebot3_gazebo:/home/sdh/turtlebot3_ws/install/turtlebot3_fake_node:${AMENT_PREFIX_PATH} CMAKE_PREFIX_PATH=/home/sdh/turtlebot3_ws/install/turtlebot3_gazebo:/home/sdh/turtlebot3_ws/install/turtlebot3_fake_node:/home/sdh/robot_ws/install/turtle_pkg:/home/sdh/robot_ws/install/py_pubsub:/opt/ros/foxy /usr/bin/cmake --build /home/sdh/turtlebot3_ws/build/turtlebot3_simulations -- -j8 -l8
[32.845s] DEBUG:colcon.colcon_core.event_handler.log_command:Invoking command in '/home/sdh/turtlebot3_ws/build/turtlebot3_simulations': AMENT_PREFIX_PATH=/home/sdh/turtlebot3_ws/install/turtlebot3_gazebo:/home/sdh/turtlebot3_ws/install/turtlebot3_fake_node:${AMENT_PREFIX_PATH} CMAKE_PREFIX_PATH=/home/sdh/turtlebot3_ws/install/turtlebot3_gazebo:/home/sdh/turtlebot3_ws/install/turtlebot3_fake_node:/home/sdh/robot_ws/install/turtle_pkg:/home/sdh/robot_ws/install/py_pubsub:/opt/ros/foxy /usr/bin/cmake --install /home/sdh/turtlebot3_ws/build/turtlebot3_simulations
[32.858s] Level 1:colcon.colcon_core.environment:create_environment_scripts_only(turtlebot3_simulations)
[32.859s] DEBUG:colcon.colcon_core.event_handler.log_command:Invoked command in '/home/sdh/turtlebot3_ws/build/turtlebot3_simulations' returned '0': AMENT_PREFIX_PATH=/home/sdh/turtlebot3_ws/install/turtlebot3_gazebo:/home/sdh/turtlebot3_ws/install/turtlebot3_fake_node:${AMENT_PREFIX_PATH} CMAKE_PREFIX_PATH=/home/sdh/turtlebot3_ws/install/turtlebot3_gazebo:/home/sdh/turtlebot3_ws/install/turtlebot3_fake_node:/home/sdh/robot_ws/install/turtle_pkg:/home/sdh/robot_ws/install/py_pubsub:/opt/ros/foxy /usr/bin/cmake --install /home/sdh/turtlebot3_ws/build/turtlebot3_simulations
[32.960s] Level 1:colcon.colcon_core.environment:checking '/home/sdh/turtlebot3_ws/install/turtlebot3_simulations' for CMake module files
[32.960s] Level 1:colcon.colcon_core.environment:checking '/home/sdh/turtlebot3_ws/install/turtlebot3_simulations' for CMake config files
[32.960s] Level 1:colcon.colcon_core.shell:create_environment_hook('turtlebot3_simulations', 'cmake_prefix_path')
[33.060s] INFO:colcon.colcon_core.shell:Creating environment hook '/home/sdh/turtlebot3_ws/install/turtlebot3_simulations/share/turtlebot3_simulations/hook/cmake_prefix_path.ps1'
[33.061s] INFO:colcon.colcon_core.shell:Creating environment descriptor '/home/sdh/turtlebot3_ws/install/turtlebot3_simulations/share/turtlebot3_simulations/hook/cmake_prefix_path.dsv'
[33.061s] INFO:colcon.colcon_core.shell:Creating environment hook '/home/sdh/turtlebot3_ws/install/turtlebot3_simulations/share/turtlebot3_simulations/hook/cmake_prefix_path.sh'
[33.061s] Level 1:colcon.colcon_core.environment:checking '/home/sdh/turtlebot3_ws/install/turtlebot3_simulations/bin'
[33.061s] Level 1:colcon.colcon_core.environment:checking '/home/sdh/turtlebot3_ws/install/turtlebot3_simulations/lib/pkgconfig/turtlebot3_simulations.pc'
[33.062s] Level 1:colcon.colcon_core.environment:checking '/home/sdh/turtlebot3_ws/install/turtlebot3_simulations/lib/python3.8/site-packages'
[33.062s] Level 1:colcon.colcon_core.environment:checking '/home/sdh/turtlebot3_ws/install/turtlebot3_simulations/bin'
[33.162s] INFO:colcon.colcon_core.shell:Creating package script '/home/sdh/turtlebot3_ws/install/turtlebot3_simulations/share/turtlebot3_simulations/package.ps1'
[33.162s] INFO:colcon.colcon_core.shell:Creating package descriptor '/home/sdh/turtlebot3_ws/install/turtlebot3_simulations/share/turtlebot3_simulations/package.dsv'
[33.163s] INFO:colcon.colcon_core.shell:Creating package script '/home/sdh/turtlebot3_ws/install/turtlebot3_simulations/share/turtlebot3_simulations/package.sh'
[33.163s] INFO:colcon.colcon_core.shell:Creating package script '/home/sdh/turtlebot3_ws/install/turtlebot3_simulations/share/turtlebot3_simulations/package.bash'
[33.163s] INFO:colcon.colcon_core.shell:Creating package script '/home/sdh/turtlebot3_ws/install/turtlebot3_simulations/share/turtlebot3_simulations/package.zsh'
[33.164s] Level 1:colcon.colcon_core.environment:create_file_with_runtime_dependencies(/home/sdh/turtlebot3_ws/install/turtlebot3_simulations/share/colcon-core/packages/turtlebot3_simulations)
[33.288s] Level 1:colcon.colcon_core.environment:create_environment_scripts_only(turtlebot3_simulations)
[33.387s] Level 1:colcon.colcon_core.environment:checking '/home/sdh/turtlebot3_ws/install/turtlebot3_simulations' for CMake module files
[33.388s] Level 1:colcon.colcon_core.environment:checking '/home/sdh/turtlebot3_ws/install/turtlebot3_simulations' for CMake config files
[33.388s] Level 1:colcon.colcon_core.shell:create_environment_hook('turtlebot3_simulations', 'cmake_prefix_path')
[33.486s] INFO:colcon.colcon_core.shell:Creating environment hook '/home/sdh/turtlebot3_ws/install/turtlebot3_simulations/share/turtlebot3_simulations/hook/cmake_prefix_path.ps1'
[33.487s] INFO:colcon.colcon_core.shell:Creating environment descriptor '/home/sdh/turtlebot3_ws/install/turtlebot3_simulations/share/turtlebot3_simulations/hook/cmake_prefix_path.dsv'
[33.487s] INFO:colcon.colcon_core.shell:Creating environment hook '/home/sdh/turtlebot3_ws/install/turtlebot3_simulations/share/turtlebot3_simulations/hook/cmake_prefix_path.sh'
[33.487s] Level 1:colcon.colcon_core.environment:checking '/home/sdh/turtlebot3_ws/install/turtlebot3_simulations/bin'
[33.488s] Level 1:colcon.colcon_core.environment:checking '/home/sdh/turtlebot3_ws/install/turtlebot3_simulations/lib/pkgconfig/turtlebot3_simulations.pc'
[33.488s] Level 1:colcon.colcon_core.environment:checking '/home/sdh/turtlebot3_ws/install/turtlebot3_simulations/lib/python3.8/site-packages'
[33.488s] Level 1:colcon.colcon_core.environment:checking '/home/sdh/turtlebot3_ws/install/turtlebot3_simulations/bin'
[33.586s] INFO:colcon.colcon_core.shell:Creating package script '/home/sdh/turtlebot3_ws/install/turtlebot3_simulations/share/turtlebot3_simulations/package.ps1'
[33.587s] INFO:colcon.colcon_core.shell:Creating package descriptor '/home/sdh/turtlebot3_ws/install/turtlebot3_simulations/share/turtlebot3_simulations/package.dsv'
[33.587s] INFO:colcon.colcon_core.shell:Creating package script '/home/sdh/turtlebot3_ws/install/turtlebot3_simulations/share/turtlebot3_simulations/package.sh'
[33.588s] INFO:colcon.colcon_core.shell:Creating package script '/home/sdh/turtlebot3_ws/install/turtlebot3_simulations/share/turtlebot3_simulations/package.bash'
[33.588s] INFO:colcon.colcon_core.shell:Creating package script '/home/sdh/turtlebot3_ws/install/turtlebot3_simulations/share/turtlebot3_simulations/package.zsh'
[33.588s] Level 1:colcon.colcon_core.environment:create_file_with_runtime_dependencies(/home/sdh/turtlebot3_ws/install/turtlebot3_simulations/share/colcon-core/packages/turtlebot3_simulations)
[33.589s] DEBUG:colcon.colcon_parallel_executor.executor.parallel:closing loop
[33.589s] DEBUG:colcon.colcon_parallel_executor.executor.parallel:loop closed
[33.589s] DEBUG:colcon.colcon_parallel_executor.executor.parallel:run_until_complete finished with '0'
[33.589s] DEBUG:colcon.colcon_core.event_reactor:joining thread
[33.732s] INFO:colcon.colcon_core.plugin_system:Skipping extension 'colcon_notification.desktop_notification.terminal_notifier': Not used on non-Darwin systems
[33.732s] INFO:colcon.colcon_core.plugin_system:Skipping extension 'colcon_notification.desktop_notification.win32': Not used on non-Windows systems
[33.732s] INFO:colcon.colcon_notification.desktop_notification:Sending desktop notification using 'notify2'
[33.748s] DEBUG:colcon.colcon_core.event_reactor:joined thread
[33.851s] INFO:colcon.colcon_core.shell:Creating prefix script '/home/sdh/turtlebot3_ws/install/local_setup.ps1'
[33.852s] INFO:colcon.colcon_core.shell:Creating prefix util module '/home/sdh/turtlebot3_ws/install/_local_setup_util_ps1.py'
[33.853s] INFO:colcon.colcon_core.shell:Creating prefix chain script '/home/sdh/turtlebot3_ws/install/setup.ps1'
[33.952s] INFO:colcon.colcon_core.shell:Creating prefix script '/home/sdh/turtlebot3_ws/install/local_setup.sh'
[33.953s] INFO:colcon.colcon_core.shell:Creating prefix util module '/home/sdh/turtlebot3_ws/install/_local_setup_util_sh.py'
[33.953s] INFO:colcon.colcon_core.shell:Creating prefix chain script '/home/sdh/turtlebot3_ws/install/setup.sh'
[34.052s] INFO:colcon.colcon_core.shell:Creating prefix script '/home/sdh/turtlebot3_ws/install/local_setup.bash'
[34.053s] INFO:colcon.colcon_core.shell:Creating prefix chain script '/home/sdh/turtlebot3_ws/install/setup.bash'
[34.152s] INFO:colcon.colcon_core.shell:Creating prefix script '/home/sdh/turtlebot3_ws/install/local_setup.zsh'
[34.152s] INFO:colcon.colcon_core.shell:Creating prefix chain script '/home/sdh/turtlebot3_ws/install/setup.zsh'
