[0.804s] Invoking command in '/home/sdh/turtlebot3_ws/build/turtlebot3_fake_node': CMAKE_PREFIX_PATH=/home/sdh/robot_ws/install/turtle_pkg:/home/sdh/robot_ws/install/py_pubsub:/opt/ros/foxy /usr/bin/cmake /home/sdh/turtlebot3_ws/src/turtlebot3_simulations/turtlebot3_fake_node -DCMAKE_INSTALL_PREFIX=/home/sdh/turtlebot3_ws/install/turtlebot3_fake_node
[0.825s] -- Found ament_cmake: 0.9.12 (/opt/ros/foxy/share/ament_cmake/cmake)
[0.853s] -- Using PYTHON_EXECUTABLE: /usr/bin/python3
[1.034s] -- Override CMake install command with custom implementation using symlinks instead of copying resources
[1.042s] -- Found geometry_msgs: 2.0.5 (/opt/ros/foxy/share/geometry_msgs/cmake)
[1.065s] -- Using all available rosidl_typesupport_c: rosidl_typesupport_fastrtps_c;rosidl_typesupport_introspection_c
[1.068s] -- Found rosidl_adapter: 1.3.1 (/opt/ros/foxy/share/rosidl_adapter/cmake)
[1.198s] -- Using all available rosidl_typesupport_cpp: rosidl_typesupport_fastrtps_cpp;rosidl_typesupport_introspection_cpp
[1.285s] -- Found nav_msgs: 2.0.5 (/opt/ros/foxy/share/nav_msgs/cmake)
[1.362s] -- Found rclcpp: 2.4.3 (/opt/ros/foxy/share/rclcpp/cmake)
[1.400s] -- Found rmw_implementation_cmake: 1.0.4 (/opt/ros/foxy/share/rmw_implementation_cmake/cmake)
[1.402s] -- Using RMW implementation 'rmw_fastrtps_cpp' as default
[1.543s] -- Found sensor_msgs: 2.0.5 (/opt/ros/foxy/share/sensor_msgs/cmake)
[1.618s] -- Found tf2: 0.13.14 (/opt/ros/foxy/share/tf2/cmake)
[1.628s] -- Found tf2_msgs: 0.13.14 (/opt/ros/foxy/share/tf2_msgs/cmake)
[1.830s] -- Found turtlebot3_msgs: 2.2.1 (/opt/ros/foxy/share/turtlebot3_msgs/cmake)
[2.031s] -- Configuring done
[2.044s] -- Generating done
[2.045s] -- Build files have been written to: /home/sdh/turtlebot3_ws/build/turtlebot3_fake_node
[2.053s] Invoked command in '/home/sdh/turtlebot3_ws/build/turtlebot3_fake_node' returned '0': CMAKE_PREFIX_PATH=/home/sdh/robot_ws/install/turtle_pkg:/home/sdh/robot_ws/install/py_pubsub:/opt/ros/foxy /usr/bin/cmake /home/sdh/turtlebot3_ws/src/turtlebot3_simulations/turtlebot3_fake_node -DCMAKE_INSTALL_PREFIX=/home/sdh/turtlebot3_ws/install/turtlebot3_fake_node
[2.057s] Invoking command in '/home/sdh/turtlebot3_ws/build/turtlebot3_fake_node': CMAKE_PREFIX_PATH=/home/sdh/robot_ws/install/turtle_pkg:/home/sdh/robot_ws/install/py_pubsub:/opt/ros/foxy /usr/bin/cmake --build /home/sdh/turtlebot3_ws/build/turtlebot3_fake_node -- -j8 -l8
[2.102s] [35m[1mScanning dependencies of target turtlebot3_fake_node[0m
[2.626s] [ 50%] [32mBuilding CXX object CMakeFiles/turtlebot3_fake_node.dir/src/turtlebot3_fake_node.cpp.o[0m
[12.340s] [100%] [32m[1mLinking CXX executable turtlebot3_fake_node[0m
[14.500s] [100%] Built target turtlebot3_fake_node
[14.515s] Invoked command in '/home/sdh/turtlebot3_ws/build/turtlebot3_fake_node' returned '0': CMAKE_PREFIX_PATH=/home/sdh/robot_ws/install/turtle_pkg:/home/sdh/robot_ws/install/py_pubsub:/opt/ros/foxy /usr/bin/cmake --build /home/sdh/turtlebot3_ws/build/turtlebot3_fake_node -- -j8 -l8
[14.582s] Invoking command in '/home/sdh/turtlebot3_ws/build/turtlebot3_fake_node': CMAKE_PREFIX_PATH=/home/sdh/robot_ws/install/turtle_pkg:/home/sdh/robot_ws/install/py_pubsub:/opt/ros/foxy /usr/bin/cmake --install /home/sdh/turtlebot3_ws/build/turtlebot3_fake_node
[14.592s] -- Install configuration: ""
[14.616s] -- Execute custom install script
[14.616s] -- Symlinking: /home/sdh/turtlebot3_ws/install/turtlebot3_fake_node/lib/turtlebot3_fake_node/turtlebot3_fake_node
[14.630s] -- Symlinking: /home/sdh/turtlebot3_ws/install/turtlebot3_fake_node/share/turtlebot3_fake_node/launch/rviz2.launch.py
[14.642s] -- Symlinking: /home/sdh/turtlebot3_ws/install/turtlebot3_fake_node/share/turtlebot3_fake_node/launch/turtlebot3_fake_node.launch.py
[14.655s] -- Symlinking: /home/sdh/turtlebot3_ws/install/turtlebot3_fake_node/share/turtlebot3_fake_node/param/burger.yaml
[14.668s] -- Symlinking: /home/sdh/turtlebot3_ws/install/turtlebot3_fake_node/share/turtlebot3_fake_node/param/waffle.yaml
[14.681s] -- Symlinking: /home/sdh/turtlebot3_ws/install/turtlebot3_fake_node/share/turtlebot3_fake_node/param/waffle_pi.yaml
[14.695s] -- Symlinking: /home/sdh/turtlebot3_ws/install/turtlebot3_fake_node/share/turtlebot3_fake_node/rviz/model.rviz
[14.709s] -- Symlinking: /home/sdh/turtlebot3_ws/install/turtlebot3_fake_node/include//turtlebot3_fake_node/turtlebot3_fake_node.hpp
[14.724s] -- Symlinking: /home/sdh/turtlebot3_ws/install/turtlebot3_fake_node/share/ament_index/resource_index/package_run_dependencies/turtlebot3_fake_node
[14.737s] -- Symlinking: /home/sdh/turtlebot3_ws/install/turtlebot3_fake_node/share/ament_index/resource_index/parent_prefix_path/turtlebot3_fake_node
[14.751s] -- Symlinking: /home/sdh/turtlebot3_ws/install/turtlebot3_fake_node/share/turtlebot3_fake_node/environment/ament_prefix_path.sh
[14.767s] -- Symlinking: /home/sdh/turtlebot3_ws/install/turtlebot3_fake_node/share/turtlebot3_fake_node/environment/ament_prefix_path.dsv
[14.782s] -- Symlinking: /home/sdh/turtlebot3_ws/install/turtlebot3_fake_node/share/turtlebot3_fake_node/environment/path.sh
[14.796s] -- Symlinking: /home/sdh/turtlebot3_ws/install/turtlebot3_fake_node/share/turtlebot3_fake_node/environment/path.dsv
[14.811s] -- Symlinking: /home/sdh/turtlebot3_ws/install/turtlebot3_fake_node/share/turtlebot3_fake_node/local_setup.bash
[14.825s] -- Symlinking: /home/sdh/turtlebot3_ws/install/turtlebot3_fake_node/share/turtlebot3_fake_node/local_setup.sh
[14.838s] -- Symlinking: /home/sdh/turtlebot3_ws/install/turtlebot3_fake_node/share/turtlebot3_fake_node/local_setup.zsh
[14.852s] -- Symlinking: /home/sdh/turtlebot3_ws/install/turtlebot3_fake_node/share/turtlebot3_fake_node/local_setup.dsv
[14.867s] -- Symlinking: /home/sdh/turtlebot3_ws/install/turtlebot3_fake_node/share/turtlebot3_fake_node/package.dsv
[14.885s] -- Symlinking: /home/sdh/turtlebot3_ws/install/turtlebot3_fake_node/share/ament_index/resource_index/packages/turtlebot3_fake_node
[14.902s] -- Symlinking: /home/sdh/turtlebot3_ws/install/turtlebot3_fake_node/share/turtlebot3_fake_node/cmake/ament_cmake_export_include_directories-extras.cmake
[14.918s] -- Symlinking: /home/sdh/turtlebot3_ws/install/turtlebot3_fake_node/share/turtlebot3_fake_node/cmake/ament_cmake_export_dependencies-extras.cmake
[14.935s] -- Symlinking: /home/sdh/turtlebot3_ws/install/turtlebot3_fake_node/share/turtlebot3_fake_node/cmake/turtlebot3_fake_nodeConfig.cmake
[14.950s] -- Symlinking: /home/sdh/turtlebot3_ws/install/turtlebot3_fake_node/share/turtlebot3_fake_node/cmake/turtlebot3_fake_nodeConfig-version.cmake
[14.962s] -- Symlinking: /home/sdh/turtlebot3_ws/install/turtlebot3_fake_node/share/turtlebot3_fake_node/package.xml
[14.978s] Invoked command in '/home/sdh/turtlebot3_ws/build/turtlebot3_fake_node' returned '0': CMAKE_PREFIX_PATH=/home/sdh/robot_ws/install/turtle_pkg:/home/sdh/robot_ws/install/py_pubsub:/opt/ros/foxy /usr/bin/cmake --install /home/sdh/turtlebot3_ws/build/turtlebot3_fake_node
