[1.074s] Invoking command in '/home/sdh/turtlebot3_ws/build/turtlebot3_fake_node': CMAKE_PREFIX_PATH=${CMAKE_PREFIX_PATH}:/home/sdh/robot_ws/install/turtle_pkg:/home/sdh/robot_ws/install/tb3_pkg:/home/sdh/robot_ws/install/py_pubsub:/home/sdh/robot_ws/install/opencv:/opt/ros/foxy /usr/bin/cmake --build /home/sdh/turtlebot3_ws/build/turtlebot3_fake_node -- -j8 -l8
[1.862s] [100%] Built target turtlebot3_fake_node
[1.875s] Invoked command in '/home/sdh/turtlebot3_ws/build/turtlebot3_fake_node' returned '0': CMAKE_PREFIX_PATH=${CMAKE_PREFIX_PATH}:/home/sdh/robot_ws/install/turtle_pkg:/home/sdh/robot_ws/install/tb3_pkg:/home/sdh/robot_ws/install/py_pubsub:/home/sdh/robot_ws/install/opencv:/opt/ros/foxy /usr/bin/cmake --build /home/sdh/turtlebot3_ws/build/turtlebot3_fake_node -- -j8 -l8
[1.914s] Invoking command in '/home/sdh/turtlebot3_ws/build/turtlebot3_fake_node': CMAKE_PREFIX_PATH=${CMAKE_PREFIX_PATH}:/home/sdh/robot_ws/install/turtle_pkg:/home/sdh/robot_ws/install/tb3_pkg:/home/sdh/robot_ws/install/py_pubsub:/home/sdh/robot_ws/install/opencv:/opt/ros/foxy /usr/bin/cmake --install /home/sdh/turtlebot3_ws/build/turtlebot3_fake_node
[1.923s] -- Install configuration: ""
[2.007s] -- Execute custom install script
[2.042s] -- Up-to-date symlink: /home/sdh/turtlebot3_ws/install/turtlebot3_fake_node/lib/turtlebot3_fake_node/turtlebot3_fake_node
[2.068s] -- Up-to-date symlink: /home/sdh/turtlebot3_ws/install/turtlebot3_fake_node/share/turtlebot3_fake_node/launch/rviz2.launch.py
[2.069s] -- Up-to-date symlink: /home/sdh/turtlebot3_ws/install/turtlebot3_fake_node/share/turtlebot3_fake_node/launch/turtlebot3_fake_node.launch.py
[2.095s] -- Up-to-date symlink: /home/sdh/turtlebot3_ws/install/turtlebot3_fake_node/share/turtlebot3_fake_node/param/burger.yaml
[2.097s] -- Up-to-date symlink: /home/sdh/turtlebot3_ws/install/turtlebot3_fake_node/share/turtlebot3_fake_node/param/waffle.yaml
[2.099s] -- Up-to-date symlink: /home/sdh/turtlebot3_ws/install/turtlebot3_fake_node/share/turtlebot3_fake_node/param/waffle_pi.yaml
[2.101s] -- Up-to-date symlink: /home/sdh/turtlebot3_ws/install/turtlebot3_fake_node/share/turtlebot3_fake_node/rviz/model.rviz
[2.104s] -- Up-to-date symlink: /home/sdh/turtlebot3_ws/install/turtlebot3_fake_node/include//turtlebot3_fake_node/turtlebot3_fake_node.hpp
[2.106s] -- Up-to-date symlink: /home/sdh/turtlebot3_ws/install/turtlebot3_fake_node/share/ament_index/resource_index/package_run_dependencies/turtlebot3_fake_node
[2.108s] -- Up-to-date symlink: /home/sdh/turtlebot3_ws/install/turtlebot3_fake_node/share/ament_index/resource_index/parent_prefix_path/turtlebot3_fake_node
[2.110s] -- Up-to-date symlink: /home/sdh/turtlebot3_ws/install/turtlebot3_fake_node/share/turtlebot3_fake_node/environment/ament_prefix_path.sh
[2.111s] -- Up-to-date symlink: /home/sdh/turtlebot3_ws/install/turtlebot3_fake_node/share/turtlebot3_fake_node/environment/ament_prefix_path.dsv
[2.113s] -- Up-to-date symlink: /home/sdh/turtlebot3_ws/install/turtlebot3_fake_node/share/turtlebot3_fake_node/environment/path.sh
[2.114s] -- Up-to-date symlink: /home/sdh/turtlebot3_ws/install/turtlebot3_fake_node/share/turtlebot3_fake_node/environment/path.dsv
[2.116s] -- Up-to-date symlink: /home/sdh/turtlebot3_ws/install/turtlebot3_fake_node/share/turtlebot3_fake_node/local_setup.bash
[2.117s] -- Up-to-date symlink: /home/sdh/turtlebot3_ws/install/turtlebot3_fake_node/share/turtlebot3_fake_node/local_setup.sh
[2.119s] -- Up-to-date symlink: /home/sdh/turtlebot3_ws/install/turtlebot3_fake_node/share/turtlebot3_fake_node/local_setup.zsh
[2.120s] -- Up-to-date symlink: /home/sdh/turtlebot3_ws/install/turtlebot3_fake_node/share/turtlebot3_fake_node/local_setup.dsv
[2.122s] -- Symlinking: /home/sdh/turtlebot3_ws/install/turtlebot3_fake_node/share/turtlebot3_fake_node/package.dsv
[2.150s] -- Up-to-date symlink: /home/sdh/turtlebot3_ws/install/turtlebot3_fake_node/share/ament_index/resource_index/packages/turtlebot3_fake_node
[2.151s] -- Up-to-date symlink: /home/sdh/turtlebot3_ws/install/turtlebot3_fake_node/share/turtlebot3_fake_node/cmake/ament_cmake_export_include_directories-extras.cmake
[2.151s] -- Up-to-date symlink: /home/sdh/turtlebot3_ws/install/turtlebot3_fake_node/share/turtlebot3_fake_node/cmake/ament_cmake_export_dependencies-extras.cmake
[2.152s] -- Up-to-date symlink: /home/sdh/turtlebot3_ws/install/turtlebot3_fake_node/share/turtlebot3_fake_node/cmake/turtlebot3_fake_nodeConfig.cmake
[2.153s] -- Up-to-date symlink: /home/sdh/turtlebot3_ws/install/turtlebot3_fake_node/share/turtlebot3_fake_node/cmake/turtlebot3_fake_nodeConfig-version.cmake
[2.185s] -- Up-to-date symlink: /home/sdh/turtlebot3_ws/install/turtlebot3_fake_node/share/turtlebot3_fake_node/package.xml
[2.188s] Invoked command in '/home/sdh/turtlebot3_ws/build/turtlebot3_fake_node' returned '0': CMAKE_PREFIX_PATH=${CMAKE_PREFIX_PATH}:/home/sdh/robot_ws/install/turtle_pkg:/home/sdh/robot_ws/install/tb3_pkg:/home/sdh/robot_ws/install/py_pubsub:/home/sdh/robot_ws/install/opencv:/opt/ros/foxy /usr/bin/cmake --install /home/sdh/turtlebot3_ws/build/turtlebot3_fake_node
