[0.555s] Invoking command in '/home/sdh/turtlebot3_ws/build/turtlebot3_simulations': CMAKE_PREFIX_PATH=/home/sdh/turtlebot3_ws/install/turtlebot3_gazebo:/home/sdh/turtlebot3_ws/install/turtlebot3_fake_node:/home/sdh/turtlebot3_ws/install/turtlebot3_simulations:/home/sdh/robot_ws/install/turtle_pkg:/home/sdh/robot_ws/install/tb3_pkg:/home/sdh/robot_ws/install/py_pubsub:/home/sdh/robot_ws/install/opencv:/opt/ros/foxy /usr/bin/cmake --build /home/sdh/turtlebot3_ws/build/turtlebot3_simulations -- -j8 -l8
[0.620s] Invoked command in '/home/sdh/turtlebot3_ws/build/turtlebot3_simulations' returned '0': CMAKE_PREFIX_PATH=/home/sdh/turtlebot3_ws/install/turtlebot3_gazebo:/home/sdh/turtlebot3_ws/install/turtlebot3_fake_node:/home/sdh/turtlebot3_ws/install/turtlebot3_simulations:/home/sdh/robot_ws/install/turtle_pkg:/home/sdh/robot_ws/install/tb3_pkg:/home/sdh/robot_ws/install/py_pubsub:/home/sdh/robot_ws/install/opencv:/opt/ros/foxy /usr/bin/cmake --build /home/sdh/turtlebot3_ws/build/turtlebot3_simulations -- -j8 -l8
[0.645s] Invoking command in '/home/sdh/turtlebot3_ws/build/turtlebot3_simulations': CMAKE_PREFIX_PATH=/home/sdh/turtlebot3_ws/install/turtlebot3_gazebo:/home/sdh/turtlebot3_ws/install/turtlebot3_fake_node:/home/sdh/turtlebot3_ws/install/turtlebot3_simulations:/home/sdh/robot_ws/install/turtle_pkg:/home/sdh/robot_ws/install/tb3_pkg:/home/sdh/robot_ws/install/py_pubsub:/home/sdh/robot_ws/install/opencv:/opt/ros/foxy /usr/bin/cmake --install /home/sdh/turtlebot3_ws/build/turtlebot3_simulations
[0.654s] -- Install configuration: ""
[0.654s] -- Up-to-date: /home/sdh/turtlebot3_ws/install/turtlebot3_simulations/share/ament_index/resource_index/package_run_dependencies/turtlebot3_simulations
[0.654s] -- Up-to-date: /home/sdh/turtlebot3_ws/install/turtlebot3_simulations/share/ament_index/resource_index/parent_prefix_path/turtlebot3_simulations
[0.654s] -- Up-to-date: /home/sdh/turtlebot3_ws/install/turtlebot3_simulations/share/turtlebot3_simulations/environment/ament_prefix_path.sh
[0.654s] -- Up-to-date: /home/sdh/turtlebot3_ws/install/turtlebot3_simulations/share/turtlebot3_simulations/environment/ament_prefix_path.dsv
[0.655s] -- Up-to-date: /home/sdh/turtlebot3_ws/install/turtlebot3_simulations/share/turtlebot3_simulations/environment/path.sh
[0.655s] -- Up-to-date: /home/sdh/turtlebot3_ws/install/turtlebot3_simulations/share/turtlebot3_simulations/environment/path.dsv
[0.655s] -- Up-to-date: /home/sdh/turtlebot3_ws/install/turtlebot3_simulations/share/turtlebot3_simulations/local_setup.bash
[0.655s] -- Up-to-date: /home/sdh/turtlebot3_ws/install/turtlebot3_simulations/share/turtlebot3_simulations/local_setup.sh
[0.655s] -- Up-to-date: /home/sdh/turtlebot3_ws/install/turtlebot3_simulations/share/turtlebot3_simulations/local_setup.zsh
[0.655s] -- Up-to-date: /home/sdh/turtlebot3_ws/install/turtlebot3_simulations/share/turtlebot3_simulations/local_setup.dsv
[0.655s] -- Installing: /home/sdh/turtlebot3_ws/install/turtlebot3_simulations/share/turtlebot3_simulations/package.dsv
[0.655s] -- Up-to-date: /home/sdh/turtlebot3_ws/install/turtlebot3_simulations/share/ament_index/resource_index/packages/turtlebot3_simulations
[0.655s] -- Up-to-date: /home/sdh/turtlebot3_ws/install/turtlebot3_simulations/share/turtlebot3_simulations/cmake/turtlebot3_simulationsConfig.cmake
[0.655s] -- Up-to-date: /home/sdh/turtlebot3_ws/install/turtlebot3_simulations/share/turtlebot3_simulations/cmake/turtlebot3_simulationsConfig-version.cmake
[0.655s] -- Up-to-date: /home/sdh/turtlebot3_ws/install/turtlebot3_simulations/share/turtlebot3_simulations/package.xml
[0.657s] Invoked command in '/home/sdh/turtlebot3_ws/build/turtlebot3_simulations' returned '0': CMAKE_PREFIX_PATH=/home/sdh/turtlebot3_ws/install/turtlebot3_gazebo:/home/sdh/turtlebot3_ws/install/turtlebot3_fake_node:/home/sdh/turtlebot3_ws/install/turtlebot3_simulations:/home/sdh/robot_ws/install/turtle_pkg:/home/sdh/robot_ws/install/tb3_pkg:/home/sdh/robot_ws/install/py_pubsub:/home/sdh/robot_ws/install/opencv:/opt/ros/foxy /usr/bin/cmake --install /home/sdh/turtlebot3_ws/build/turtlebot3_simulations
