[5.391s] DEBUG:colcon:Command line arguments: ['/usr/bin/colcon', 'build']
[5.391s] DEBUG:colcon:Parsed command line arguments: Namespace(allow_overriding=[], ament_cmake_args=None, base_paths=['.'], build_base='build', catkin_cmake_args=None, catkin_skip_building_tests=False, cmake_args=None, cmake_clean_cache=False, cmake_clean_first=False, cmake_force_configure=False, cmake_target=None, cmake_target_skip_unavailable=False, continue_on_error=False, event_handlers=None, executor='parallel', ignore_user_meta=False, install_base='install', log_base=None, log_level=None, main=<bound method BuildVerb.main of <colcon_core.verb.build.BuildVerb object at 0x7f8cd6bb8f70>>, merge_install=False, metas=['./colcon.meta'], packages_above=None, packages_above_and_dependencies=None, packages_above_depth=None, packages_end=None, packages_ignore=None, packages_ignore_regex=None, packages_select=None, packages_select_build_failed=False, packages_select_by_dep=None, packages_select_regex=None, packages_select_test_failures=False, packages_skip=None, packages_skip_build_finished=False, packages_skip_by_dep=None, packages_skip_regex=None, packages_skip_test_passed=False, packages_skip_up_to=None, packages_start=None, packages_up_to=None, packages_up_to_regex=None, parallel_workers=8, paths=None, symlink_install=False, test_result_base=None, verb_extension=<colcon_core.verb.build.BuildVerb object at 0x7f8cd6bb8f70>, verb_name='build', verb_parser=<colcon_defaults.argument_parser.defaults.DefaultArgumentsDecorator object at 0x7f8cd678cdc0>)
[5.623s] Level 1:colcon.colcon_core.package_discovery:discover_packages(colcon_meta) check parameters
[5.623s] Level 1:colcon.colcon_core.package_discovery:discover_packages(recursive) check parameters
[5.623s] Level 1:colcon.colcon_core.package_discovery:discover_packages(ignore) check parameters
[5.623s] Level 1:colcon.colcon_core.package_discovery:discover_packages(path) check parameters
[5.623s] Level 1:colcon.colcon_core.package_discovery:discover_packages(colcon_meta) discover
[5.624s] Level 1:colcon.colcon_core.package_discovery:discover_packages(recursive) discover
[5.624s] INFO:colcon.colcon_core.package_discovery:Crawling recursively for packages in '/home/sdh/turtlebot3_ws'
[5.624s] Level 1:colcon.colcon_core.package_identification:_identify(.) by extensions ['ignore', 'ignore_ament_install']
[5.624s] Level 1:colcon.colcon_core.package_identification:_identify(.) by extension 'ignore'
[5.624s] Level 1:colcon.colcon_core.package_identification:_identify(.) by extension 'ignore_ament_install'
[5.624s] Level 1:colcon.colcon_core.package_identification:_identify(.) by extensions ['colcon_pkg']
[5.624s] Level 1:colcon.colcon_core.package_identification:_identify(.) by extension 'colcon_pkg'
[5.624s] Level 1:colcon.colcon_core.package_identification:_identify(.) by extensions ['colcon_meta']
[5.624s] Level 1:colcon.colcon_core.package_identification:_identify(.) by extension 'colcon_meta'
[5.624s] Level 1:colcon.colcon_core.package_identification:_identify(.) by extensions ['ros']
[5.624s] Level 1:colcon.colcon_core.package_identification:_identify(.) by extension 'ros'
[5.635s] Level 1:colcon.colcon_core.package_identification:_identify(.) by extensions ['cmake', 'python']
[5.635s] Level 1:colcon.colcon_core.package_identification:_identify(.) by extension 'cmake'
[5.635s] Level 1:colcon.colcon_core.package_identification:_identify(.) by extension 'python'
[5.635s] Level 1:colcon.colcon_core.package_identification:_identify(.) by extensions ['python_setup_py']
[5.635s] Level 1:colcon.colcon_core.package_identification:_identify(.) by extension 'python_setup_py'
[5.635s] Level 1:colcon.colcon_core.package_identification:_identify(build) by extensions ['ignore', 'ignore_ament_install']
[5.635s] Level 1:colcon.colcon_core.package_identification:_identify(build) by extension 'ignore'
[5.635s] Level 1:colcon.colcon_core.package_identification:_identify(build) ignored
[5.635s] Level 1:colcon.colcon_core.package_identification:_identify(install) by extensions ['ignore', 'ignore_ament_install']
[5.635s] Level 1:colcon.colcon_core.package_identification:_identify(install) by extension 'ignore'
[5.635s] Level 1:colcon.colcon_core.package_identification:_identify(install) ignored
[5.635s] Level 1:colcon.colcon_core.package_identification:_identify(log) by extensions ['ignore', 'ignore_ament_install']
[5.635s] Level 1:colcon.colcon_core.package_identification:_identify(log) by extension 'ignore'
[5.635s] Level 1:colcon.colcon_core.package_identification:_identify(log) ignored
[5.636s] Level 1:colcon.colcon_core.package_identification:_identify(src) by extensions ['ignore', 'ignore_ament_install']
[5.636s] Level 1:colcon.colcon_core.package_identification:_identify(src) by extension 'ignore'
[5.636s] Level 1:colcon.colcon_core.package_identification:_identify(src) by extension 'ignore_ament_install'
[5.636s] Level 1:colcon.colcon_core.package_identification:_identify(src) by extensions ['colcon_pkg']
[5.636s] Level 1:colcon.colcon_core.package_identification:_identify(src) by extension 'colcon_pkg'
[5.636s] Level 1:colcon.colcon_core.package_identification:_identify(src) by extensions ['colcon_meta']
[5.636s] Level 1:colcon.colcon_core.package_identification:_identify(src) by extension 'colcon_meta'
[5.636s] Level 1:colcon.colcon_core.package_identification:_identify(src) by extensions ['ros']
[5.636s] Level 1:colcon.colcon_core.package_identification:_identify(src) by extension 'ros'
[5.636s] Level 1:colcon.colcon_core.package_identification:_identify(src) by extensions ['cmake', 'python']
[5.636s] Level 1:colcon.colcon_core.package_identification:_identify(src) by extension 'cmake'
[5.636s] Level 1:colcon.colcon_core.package_identification:_identify(src) by extension 'python'
[5.636s] Level 1:colcon.colcon_core.package_identification:_identify(src) by extensions ['python_setup_py']
[5.636s] Level 1:colcon.colcon_core.package_identification:_identify(src) by extension 'python_setup_py'
[5.636s] Level 1:colcon.colcon_core.package_identification:_identify(src/turtlebot3_simulations) by extensions ['ignore', 'ignore_ament_install']
[5.636s] Level 1:colcon.colcon_core.package_identification:_identify(src/turtlebot3_simulations) by extension 'ignore'
[5.636s] Level 1:colcon.colcon_core.package_identification:_identify(src/turtlebot3_simulations) by extension 'ignore_ament_install'
[5.637s] Level 1:colcon.colcon_core.package_identification:_identify(src/turtlebot3_simulations) by extensions ['colcon_pkg']
[5.637s] Level 1:colcon.colcon_core.package_identification:_identify(src/turtlebot3_simulations) by extension 'colcon_pkg'
[5.637s] Level 1:colcon.colcon_core.package_identification:_identify(src/turtlebot3_simulations) by extensions ['colcon_meta']
[5.637s] Level 1:colcon.colcon_core.package_identification:_identify(src/turtlebot3_simulations) by extension 'colcon_meta'
[5.637s] Level 1:colcon.colcon_core.package_identification:_identify(src/turtlebot3_simulations) by extensions ['ros']
[5.637s] Level 1:colcon.colcon_core.package_identification:_identify(src/turtlebot3_simulations) by extension 'ros'
[5.637s] Level 1:colcon.colcon_core.package_identification:_identify(src/turtlebot3_simulations) by extensions ['cmake', 'python']
[5.637s] Level 1:colcon.colcon_core.package_identification:_identify(src/turtlebot3_simulations) by extension 'cmake'
[5.637s] Level 1:colcon.colcon_core.package_identification:_identify(src/turtlebot3_simulations) by extension 'python'
[5.637s] Level 1:colcon.colcon_core.package_identification:_identify(src/turtlebot3_simulations) by extensions ['python_setup_py']
[5.637s] Level 1:colcon.colcon_core.package_identification:_identify(src/turtlebot3_simulations) by extension 'python_setup_py'
[5.637s] Level 1:colcon.colcon_core.package_identification:_identify(src/turtlebot3_simulations/turtlebot3_fake_node) by extensions ['ignore', 'ignore_ament_install']
[5.637s] Level 1:colcon.colcon_core.package_identification:_identify(src/turtlebot3_simulations/turtlebot3_fake_node) by extension 'ignore'
[5.637s] Level 1:colcon.colcon_core.package_identification:_identify(src/turtlebot3_simulations/turtlebot3_fake_node) by extension 'ignore_ament_install'
[5.637s] Level 1:colcon.colcon_core.package_identification:_identify(src/turtlebot3_simulations/turtlebot3_fake_node) by extensions ['colcon_pkg']
[5.637s] Level 1:colcon.colcon_core.package_identification:_identify(src/turtlebot3_simulations/turtlebot3_fake_node) by extension 'colcon_pkg'
[5.637s] Level 1:colcon.colcon_core.package_identification:_identify(src/turtlebot3_simulations/turtlebot3_fake_node) by extensions ['colcon_meta']
[5.637s] Level 1:colcon.colcon_core.package_identification:_identify(src/turtlebot3_simulations/turtlebot3_fake_node) by extension 'colcon_meta'
[5.637s] Level 1:colcon.colcon_core.package_identification:_identify(src/turtlebot3_simulations/turtlebot3_fake_node) by extensions ['ros']
[5.637s] Level 1:colcon.colcon_core.package_identification:_identify(src/turtlebot3_simulations/turtlebot3_fake_node) by extension 'ros'
[5.640s] DEBUG:colcon.colcon_core.package_identification:Package 'src/turtlebot3_simulations/turtlebot3_fake_node' with type 'ros.ament_cmake' and name 'turtlebot3_fake_node'
[5.640s] Level 1:colcon.colcon_core.package_identification:_identify(src/turtlebot3_simulations/turtlebot3_gazebo) by extensions ['ignore', 'ignore_ament_install']
[5.640s] Level 1:colcon.colcon_core.package_identification:_identify(src/turtlebot3_simulations/turtlebot3_gazebo) by extension 'ignore'
[5.641s] Level 1:colcon.colcon_core.package_identification:_identify(src/turtlebot3_simulations/turtlebot3_gazebo) by extension 'ignore_ament_install'
[5.641s] Level 1:colcon.colcon_core.package_identification:_identify(src/turtlebot3_simulations/turtlebot3_gazebo) by extensions ['colcon_pkg']
[5.641s] Level 1:colcon.colcon_core.package_identification:_identify(src/turtlebot3_simulations/turtlebot3_gazebo) by extension 'colcon_pkg'
[5.641s] Level 1:colcon.colcon_core.package_identification:_identify(src/turtlebot3_simulations/turtlebot3_gazebo) by extensions ['colcon_meta']
[5.641s] Level 1:colcon.colcon_core.package_identification:_identify(src/turtlebot3_simulations/turtlebot3_gazebo) by extension 'colcon_meta'
[5.641s] Level 1:colcon.colcon_core.package_identification:_identify(src/turtlebot3_simulations/turtlebot3_gazebo) by extensions ['ros']
[5.641s] Level 1:colcon.colcon_core.package_identification:_identify(src/turtlebot3_simulations/turtlebot3_gazebo) by extension 'ros'
[5.642s] DEBUG:colcon.colcon_core.package_identification:Package 'src/turtlebot3_simulations/turtlebot3_gazebo' with type 'ros.ament_cmake' and name 'turtlebot3_gazebo'
[5.642s] Level 1:colcon.colcon_core.package_identification:_identify(src/turtlebot3_simulations/turtlebot3_simulations) by extensions ['ignore', 'ignore_ament_install']
[5.642s] Level 1:colcon.colcon_core.package_identification:_identify(src/turtlebot3_simulations/turtlebot3_simulations) by extension 'ignore'
[5.642s] Level 1:colcon.colcon_core.package_identification:_identify(src/turtlebot3_simulations/turtlebot3_simulations) by extension 'ignore_ament_install'
[5.642s] Level 1:colcon.colcon_core.package_identification:_identify(src/turtlebot3_simulations/turtlebot3_simulations) by extensions ['colcon_pkg']
[5.642s] Level 1:colcon.colcon_core.package_identification:_identify(src/turtlebot3_simulations/turtlebot3_simulations) by extension 'colcon_pkg'
[5.642s] Level 1:colcon.colcon_core.package_identification:_identify(src/turtlebot3_simulations/turtlebot3_simulations) by extensions ['colcon_meta']
[5.642s] Level 1:colcon.colcon_core.package_identification:_identify(src/turtlebot3_simulations/turtlebot3_simulations) by extension 'colcon_meta'
[5.642s] Level 1:colcon.colcon_core.package_identification:_identify(src/turtlebot3_simulations/turtlebot3_simulations) by extensions ['ros']
[5.642s] Level 1:colcon.colcon_core.package_identification:_identify(src/turtlebot3_simulations/turtlebot3_simulations) by extension 'ros'
[5.643s] DEBUG:colcon.colcon_core.package_identification:Package 'src/turtlebot3_simulations/turtlebot3_simulations' with type 'ros.ament_cmake' and name 'turtlebot3_simulations'
[5.643s] Level 1:colcon.colcon_core.package_discovery:discover_packages(recursive) using defaults
[5.643s] Level 1:colcon.colcon_core.package_discovery:discover_packages(ignore) discover
[5.643s] Level 1:colcon.colcon_core.package_discovery:discover_packages(ignore) using defaults
[5.643s] Level 1:colcon.colcon_core.package_discovery:discover_packages(path) discover
[5.643s] Level 1:colcon.colcon_core.package_discovery:discover_packages(path) using defaults
[6.142s] Level 1:colcon.colcon_core.package_discovery:discover_packages(prefix_path) check parameters
[6.142s] Level 1:colcon.colcon_core.package_discovery:discover_packages(prefix_path) discover
[6.336s] DEBUG:colcon.colcon_installed_package_information.package_discovery:Found 3 installed packages in /home/sdh/turtlebot3_ws/install
[6.433s] DEBUG:colcon.colcon_installed_package_information.package_discovery:Found 2 installed packages in /home/sdh/robot_ws/install
[6.539s] DEBUG:colcon.colcon_installed_package_information.package_discovery:Found 336 installed packages in /opt/ros/foxy
[6.540s] Level 1:colcon.colcon_core.package_discovery:discover_packages(prefix_path) using defaults
[6.814s] Level 5:colcon.colcon_core.verb:set package 'turtlebot3_fake_node' build argument 'cmake_args' from command line to 'None'
[6.814s] Level 5:colcon.colcon_core.verb:set package 'turtlebot3_fake_node' build argument 'cmake_target' from command line to 'None'
[6.814s] Level 5:colcon.colcon_core.verb:set package 'turtlebot3_fake_node' build argument 'cmake_target_skip_unavailable' from command line to 'False'
[6.814s] Level 5:colcon.colcon_core.verb:set package 'turtlebot3_fake_node' build argument 'cmake_clean_cache' from command line to 'False'
[6.814s] Level 5:colcon.colcon_core.verb:set package 'turtlebot3_fake_node' build argument 'cmake_clean_first' from command line to 'False'
[6.814s] Level 5:colcon.colcon_core.verb:set package 'turtlebot3_fake_node' build argument 'cmake_force_configure' from command line to 'False'
[6.814s] Level 5:colcon.colcon_core.verb:set package 'turtlebot3_fake_node' build argument 'ament_cmake_args' from command line to 'None'
[6.814s] Level 5:colcon.colcon_core.verb:set package 'turtlebot3_fake_node' build argument 'catkin_cmake_args' from command line to 'None'
[6.814s] Level 5:colcon.colcon_core.verb:set package 'turtlebot3_fake_node' build argument 'catkin_skip_building_tests' from command line to 'False'
[6.814s] DEBUG:colcon.colcon_core.verb:Building package 'turtlebot3_fake_node' with the following arguments: {'ament_cmake_args': None, 'build_base': '/home/sdh/turtlebot3_ws/build/turtlebot3_fake_node', 'catkin_cmake_args': None, 'catkin_skip_building_tests': False, 'cmake_args': None, 'cmake_clean_cache': False, 'cmake_clean_first': False, 'cmake_force_configure': False, 'cmake_target': None, 'cmake_target_skip_unavailable': False, 'install_base': '/home/sdh/turtlebot3_ws/install/turtlebot3_fake_node', 'merge_install': False, 'path': '/home/sdh/turtlebot3_ws/src/turtlebot3_simulations/turtlebot3_fake_node', 'symlink_install': False, 'test_result_base': None}
[6.910s] Level 5:colcon.colcon_core.verb:set package 'turtlebot3_gazebo' build argument 'cmake_args' from command line to 'None'
[6.911s] Level 5:colcon.colcon_core.verb:set package 'turtlebot3_gazebo' build argument 'cmake_target' from command line to 'None'
[6.911s] Level 5:colcon.colcon_core.verb:set package 'turtlebot3_gazebo' build argument 'cmake_target_skip_unavailable' from command line to 'False'
[6.911s] Level 5:colcon.colcon_core.verb:set package 'turtlebot3_gazebo' build argument 'cmake_clean_cache' from command line to 'False'
[6.911s] Level 5:colcon.colcon_core.verb:set package 'turtlebot3_gazebo' build argument 'cmake_clean_first' from command line to 'False'
[6.911s] Level 5:colcon.colcon_core.verb:set package 'turtlebot3_gazebo' build argument 'cmake_force_configure' from command line to 'False'
[6.911s] Level 5:colcon.colcon_core.verb:set package 'turtlebot3_gazebo' build argument 'ament_cmake_args' from command line to 'None'
[6.911s] Level 5:colcon.colcon_core.verb:set package 'turtlebot3_gazebo' build argument 'catkin_cmake_args' from command line to 'None'
[6.911s] Level 5:colcon.colcon_core.verb:set package 'turtlebot3_gazebo' build argument 'catkin_skip_building_tests' from command line to 'False'
[6.911s] DEBUG:colcon.colcon_core.verb:Building package 'turtlebot3_gazebo' with the following arguments: {'ament_cmake_args': None, 'build_base': '/home/sdh/turtlebot3_ws/build/turtlebot3_gazebo', 'catkin_cmake_args': None, 'catkin_skip_building_tests': False, 'cmake_args': None, 'cmake_clean_cache': False, 'cmake_clean_first': False, 'cmake_force_configure': False, 'cmake_target': None, 'cmake_target_skip_unavailable': False, 'install_base': '/home/sdh/turtlebot3_ws/install/turtlebot3_gazebo', 'merge_install': False, 'path': '/home/sdh/turtlebot3_ws/src/turtlebot3_simulations/turtlebot3_gazebo', 'symlink_install': False, 'test_result_base': None}
[7.007s] Level 5:colcon.colcon_core.verb:set package 'turtlebot3_simulations' build argument 'cmake_args' from command line to 'None'
[7.007s] Level 5:colcon.colcon_core.verb:set package 'turtlebot3_simulations' build argument 'cmake_target' from command line to 'None'
[7.007s] Level 5:colcon.colcon_core.verb:set package 'turtlebot3_simulations' build argument 'cmake_target_skip_unavailable' from command line to 'False'
[7.007s] Level 5:colcon.colcon_core.verb:set package 'turtlebot3_simulations' build argument 'cmake_clean_cache' from command line to 'False'
[7.007s] Level 5:colcon.colcon_core.verb:set package 'turtlebot3_simulations' build argument 'cmake_clean_first' from command line to 'False'
[7.007s] Level 5:colcon.colcon_core.verb:set package 'turtlebot3_simulations' build argument 'cmake_force_configure' from command line to 'False'
[7.007s] Level 5:colcon.colcon_core.verb:set package 'turtlebot3_simulations' build argument 'ament_cmake_args' from command line to 'None'
[7.007s] Level 5:colcon.colcon_core.verb:set package 'turtlebot3_simulations' build argument 'catkin_cmake_args' from command line to 'None'
[7.007s] Level 5:colcon.colcon_core.verb:set package 'turtlebot3_simulations' build argument 'catkin_skip_building_tests' from command line to 'False'
[7.007s] DEBUG:colcon.colcon_core.verb:Building package 'turtlebot3_simulations' with the following arguments: {'ament_cmake_args': None, 'build_base': '/home/sdh/turtlebot3_ws/build/turtlebot3_simulations', 'catkin_cmake_args': None, 'catkin_skip_building_tests': False, 'cmake_args': None, 'cmake_clean_cache': False, 'cmake_clean_first': False, 'cmake_force_configure': False, 'cmake_target': None, 'cmake_target_skip_unavailable': False, 'install_base': '/home/sdh/turtlebot3_ws/install/turtlebot3_simulations', 'merge_install': False, 'path': '/home/sdh/turtlebot3_ws/src/turtlebot3_simulations/turtlebot3_simulations', 'symlink_install': False, 'test_result_base': None}
[7.104s] INFO:colcon.colcon_core.executor:Executing jobs using 'parallel' executor
[7.202s] DEBUG:colcon.colcon_parallel_executor.executor.parallel:run_until_complete
[7.202s] INFO:colcon.colcon_ros.task.ament_cmake.build:Building ROS package in '/home/sdh/turtlebot3_ws/src/turtlebot3_simulations/turtlebot3_fake_node' with build type 'ament_cmake'
[7.202s] INFO:colcon.colcon_cmake.task.cmake.build:Building CMake package in '/home/sdh/turtlebot3_ws/src/turtlebot3_simulations/turtlebot3_fake_node'
[7.303s] INFO:colcon.colcon_core.plugin_system:Skipping extension 'colcon_core.shell.bat': Not used on non-Windows systems
[7.303s] INFO:colcon.colcon_core.shell:Skip shell extension 'powershell' for command environment: Not usable outside of PowerShell
[7.303s] DEBUG:colcon.colcon_core.shell:Skip shell extension 'dsv' for command environment
[7.713s] INFO:colcon.colcon_ros.task.ament_cmake.build:Building ROS package in '/home/sdh/turtlebot3_ws/src/turtlebot3_simulations/turtlebot3_gazebo' with build type 'ament_cmake'
[7.713s] INFO:colcon.colcon_cmake.task.cmake.build:Building CMake package in '/home/sdh/turtlebot3_ws/src/turtlebot3_simulations/turtlebot3_gazebo'
[7.834s] INFO:colcon.colcon_core.shell:Skip shell extension 'powershell' for command environment: Not usable outside of PowerShell
[7.834s] DEBUG:colcon.colcon_core.shell:Skip shell extension 'dsv' for command environment
[8.262s] DEBUG:colcon.colcon_core.event_handler.log_command:Invoking command in '/home/sdh/turtlebot3_ws/build/turtlebot3_fake_node': CMAKE_PREFIX_PATH=${CMAKE_PREFIX_PATH}:/home/sdh/robot_ws/install/turtle_pkg:/home/sdh/robot_ws/install/py_pubsub:/opt/ros/foxy /usr/bin/cmake --build /home/sdh/turtlebot3_ws/build/turtlebot3_fake_node -- -j8 -l8
[8.270s] DEBUG:colcon.colcon_core.event_handler.log_command:Invoking command in '/home/sdh/turtlebot3_ws/build/turtlebot3_gazebo': CMAKE_PREFIX_PATH=${CMAKE_PREFIX_PATH}:/home/sdh/robot_ws/install/turtle_pkg:/home/sdh/robot_ws/install/py_pubsub:/opt/ros/foxy /usr/bin/cmake --build /home/sdh/turtlebot3_ws/build/turtlebot3_gazebo -- -j8 -l8
[8.354s] DEBUG:colcon.colcon_core.event_handler.log_command:Invoked command in '/home/sdh/turtlebot3_ws/build/turtlebot3_fake_node' returned '0': CMAKE_PREFIX_PATH=${CMAKE_PREFIX_PATH}:/home/sdh/robot_ws/install/turtle_pkg:/home/sdh/robot_ws/install/py_pubsub:/opt/ros/foxy /usr/bin/cmake --build /home/sdh/turtlebot3_ws/build/turtlebot3_fake_node -- -j8 -l8
[8.372s] DEBUG:colcon.colcon_core.event_handler.log_command:Invoked command in '/home/sdh/turtlebot3_ws/build/turtlebot3_gazebo' returned '0': CMAKE_PREFIX_PATH=${CMAKE_PREFIX_PATH}:/home/sdh/robot_ws/install/turtle_pkg:/home/sdh/robot_ws/install/py_pubsub:/opt/ros/foxy /usr/bin/cmake --build /home/sdh/turtlebot3_ws/build/turtlebot3_gazebo -- -j8 -l8
[8.396s] DEBUG:colcon.colcon_core.event_handler.log_command:Invoking command in '/home/sdh/turtlebot3_ws/build/turtlebot3_fake_node': CMAKE_PREFIX_PATH=${CMAKE_PREFIX_PATH}:/home/sdh/robot_ws/install/turtle_pkg:/home/sdh/robot_ws/install/py_pubsub:/opt/ros/foxy /usr/bin/cmake --install /home/sdh/turtlebot3_ws/build/turtlebot3_fake_node
[8.412s] DEBUG:colcon.colcon_core.event_handler.log_command:Invoking command in '/home/sdh/turtlebot3_ws/build/turtlebot3_gazebo': CMAKE_PREFIX_PATH=${CMAKE_PREFIX_PATH}:/home/sdh/robot_ws/install/turtle_pkg:/home/sdh/robot_ws/install/py_pubsub:/opt/ros/foxy /usr/bin/cmake --install /home/sdh/turtlebot3_ws/build/turtlebot3_gazebo
[8.426s] Level 1:colcon.colcon_core.environment:create_environment_scripts_only(turtlebot3_fake_node)
[8.426s] DEBUG:colcon.colcon_core.event_handler.log_command:Invoked command in '/home/sdh/turtlebot3_ws/build/turtlebot3_fake_node' returned '0': CMAKE_PREFIX_PATH=${CMAKE_PREFIX_PATH}:/home/sdh/robot_ws/install/turtle_pkg:/home/sdh/robot_ws/install/py_pubsub:/opt/ros/foxy /usr/bin/cmake --install /home/sdh/turtlebot3_ws/build/turtlebot3_fake_node
[8.555s] Level 1:colcon.colcon_core.environment:checking '/home/sdh/turtlebot3_ws/install/turtlebot3_fake_node' for CMake module files
[8.556s] Level 1:colcon.colcon_core.environment:checking '/home/sdh/turtlebot3_ws/install/turtlebot3_fake_node' for CMake config files
[8.556s] Level 1:colcon.colcon_core.shell:create_environment_hook('turtlebot3_fake_node', 'cmake_prefix_path')
[8.656s] INFO:colcon.colcon_core.shell:Creating environment hook '/home/sdh/turtlebot3_ws/install/turtlebot3_fake_node/share/turtlebot3_fake_node/hook/cmake_prefix_path.ps1'
[8.656s] INFO:colcon.colcon_core.shell:Creating environment descriptor '/home/sdh/turtlebot3_ws/install/turtlebot3_fake_node/share/turtlebot3_fake_node/hook/cmake_prefix_path.dsv'
[8.657s] INFO:colcon.colcon_core.shell:Creating environment hook '/home/sdh/turtlebot3_ws/install/turtlebot3_fake_node/share/turtlebot3_fake_node/hook/cmake_prefix_path.sh'
[8.658s] Level 1:colcon.colcon_core.environment:checking '/home/sdh/turtlebot3_ws/install/turtlebot3_fake_node/lib'
[8.658s] Level 1:colcon.colcon_core.environment:checking '/home/sdh/turtlebot3_ws/install/turtlebot3_fake_node/bin'
[8.658s] Level 1:colcon.colcon_core.environment:checking '/home/sdh/turtlebot3_ws/install/turtlebot3_fake_node/lib/pkgconfig/turtlebot3_fake_node.pc'
[8.658s] Level 1:colcon.colcon_core.environment:checking '/home/sdh/turtlebot3_ws/install/turtlebot3_fake_node/lib/python3.8/site-packages'
[8.658s] Level 1:colcon.colcon_core.environment:checking '/home/sdh/turtlebot3_ws/install/turtlebot3_fake_node/bin'
[8.758s] INFO:colcon.colcon_core.shell:Creating package script '/home/sdh/turtlebot3_ws/install/turtlebot3_fake_node/share/turtlebot3_fake_node/package.ps1'
[8.759s] INFO:colcon.colcon_core.shell:Creating package descriptor '/home/sdh/turtlebot3_ws/install/turtlebot3_fake_node/share/turtlebot3_fake_node/package.dsv'
[8.759s] INFO:colcon.colcon_core.shell:Creating package script '/home/sdh/turtlebot3_ws/install/turtlebot3_fake_node/share/turtlebot3_fake_node/package.sh'
[8.760s] INFO:colcon.colcon_core.shell:Creating package script '/home/sdh/turtlebot3_ws/install/turtlebot3_fake_node/share/turtlebot3_fake_node/package.bash'
[8.761s] INFO:colcon.colcon_core.shell:Creating package script '/home/sdh/turtlebot3_ws/install/turtlebot3_fake_node/share/turtlebot3_fake_node/package.zsh'
[8.761s] Level 1:colcon.colcon_core.environment:create_file_with_runtime_dependencies(/home/sdh/turtlebot3_ws/install/turtlebot3_fake_node/share/colcon-core/packages/turtlebot3_fake_node)
[8.766s] Level 1:colcon.colcon_core.environment:create_environment_scripts_only(turtlebot3_gazebo)
[8.766s] DEBUG:colcon.colcon_core.event_handler.log_command:Invoked command in '/home/sdh/turtlebot3_ws/build/turtlebot3_gazebo' returned '0': CMAKE_PREFIX_PATH=${CMAKE_PREFIX_PATH}:/home/sdh/robot_ws/install/turtle_pkg:/home/sdh/robot_ws/install/py_pubsub:/opt/ros/foxy /usr/bin/cmake --install /home/sdh/turtlebot3_ws/build/turtlebot3_gazebo
[8.867s] Level 1:colcon.colcon_core.environment:checking '/home/sdh/turtlebot3_ws/install/turtlebot3_gazebo' for CMake module files
[8.867s] Level 1:colcon.colcon_core.environment:checking '/home/sdh/turtlebot3_ws/install/turtlebot3_gazebo' for CMake config files
[8.869s] Level 1:colcon.colcon_core.shell:create_environment_hook('turtlebot3_gazebo', 'cmake_prefix_path')
[8.968s] INFO:colcon.colcon_core.shell:Creating environment hook '/home/sdh/turtlebot3_ws/install/turtlebot3_gazebo/share/turtlebot3_gazebo/hook/cmake_prefix_path.ps1'
[8.970s] INFO:colcon.colcon_core.shell:Creating environment descriptor '/home/sdh/turtlebot3_ws/install/turtlebot3_gazebo/share/turtlebot3_gazebo/hook/cmake_prefix_path.dsv'
[8.971s] INFO:colcon.colcon_core.shell:Creating environment hook '/home/sdh/turtlebot3_ws/install/turtlebot3_gazebo/share/turtlebot3_gazebo/hook/cmake_prefix_path.sh'
[8.972s] Level 1:colcon.colcon_core.environment:checking '/home/sdh/turtlebot3_ws/install/turtlebot3_gazebo/lib'
[8.972s] Level 1:colcon.colcon_core.environment:checking '/home/sdh/turtlebot3_ws/install/turtlebot3_gazebo/bin'
[8.972s] Level 1:colcon.colcon_core.environment:checking '/home/sdh/turtlebot3_ws/install/turtlebot3_gazebo/lib/pkgconfig/turtlebot3_gazebo.pc'
[8.973s] Level 1:colcon.colcon_core.environment:checking '/home/sdh/turtlebot3_ws/install/turtlebot3_gazebo/lib/python3.8/site-packages'
[8.973s] Level 1:colcon.colcon_core.environment:checking '/home/sdh/turtlebot3_ws/install/turtlebot3_gazebo/bin'
[9.073s] INFO:colcon.colcon_core.shell:Creating package script '/home/sdh/turtlebot3_ws/install/turtlebot3_gazebo/share/turtlebot3_gazebo/package.ps1'
[9.074s] INFO:colcon.colcon_core.shell:Creating package descriptor '/home/sdh/turtlebot3_ws/install/turtlebot3_gazebo/share/turtlebot3_gazebo/package.dsv'
[9.074s] INFO:colcon.colcon_core.shell:Creating package script '/home/sdh/turtlebot3_ws/install/turtlebot3_gazebo/share/turtlebot3_gazebo/package.sh'
[9.074s] INFO:colcon.colcon_core.shell:Creating package script '/home/sdh/turtlebot3_ws/install/turtlebot3_gazebo/share/turtlebot3_gazebo/package.bash'
[9.075s] INFO:colcon.colcon_core.shell:Creating package script '/home/sdh/turtlebot3_ws/install/turtlebot3_gazebo/share/turtlebot3_gazebo/package.zsh'
[9.075s] Level 1:colcon.colcon_core.environment:create_file_with_runtime_dependencies(/home/sdh/turtlebot3_ws/install/turtlebot3_gazebo/share/colcon-core/packages/turtlebot3_gazebo)
[9.180s] Level 1:colcon.colcon_core.environment:create_environment_scripts_only(turtlebot3_fake_node)
[9.279s] Level 1:colcon.colcon_core.environment:checking '/home/sdh/turtlebot3_ws/install/turtlebot3_fake_node' for CMake module files
[9.279s] Level 1:colcon.colcon_core.environment:checking '/home/sdh/turtlebot3_ws/install/turtlebot3_fake_node' for CMake config files
[9.280s] Level 1:colcon.colcon_core.shell:create_environment_hook('turtlebot3_fake_node', 'cmake_prefix_path')
[9.378s] INFO:colcon.colcon_core.shell:Creating environment hook '/home/sdh/turtlebot3_ws/install/turtlebot3_fake_node/share/turtlebot3_fake_node/hook/cmake_prefix_path.ps1'
[9.378s] INFO:colcon.colcon_core.shell:Creating environment descriptor '/home/sdh/turtlebot3_ws/install/turtlebot3_fake_node/share/turtlebot3_fake_node/hook/cmake_prefix_path.dsv'
[9.378s] INFO:colcon.colcon_core.shell:Creating environment hook '/home/sdh/turtlebot3_ws/install/turtlebot3_fake_node/share/turtlebot3_fake_node/hook/cmake_prefix_path.sh'
[9.379s] Level 1:colcon.colcon_core.environment:checking '/home/sdh/turtlebot3_ws/install/turtlebot3_fake_node/lib'
[9.379s] Level 1:colcon.colcon_core.environment:checking '/home/sdh/turtlebot3_ws/install/turtlebot3_fake_node/bin'
[9.379s] Level 1:colcon.colcon_core.environment:checking '/home/sdh/turtlebot3_ws/install/turtlebot3_fake_node/lib/pkgconfig/turtlebot3_fake_node.pc'
[9.379s] Level 1:colcon.colcon_core.environment:checking '/home/sdh/turtlebot3_ws/install/turtlebot3_fake_node/lib/python3.8/site-packages'
[9.379s] Level 1:colcon.colcon_core.environment:checking '/home/sdh/turtlebot3_ws/install/turtlebot3_fake_node/bin'
[9.478s] INFO:colcon.colcon_core.shell:Creating package script '/home/sdh/turtlebot3_ws/install/turtlebot3_fake_node/share/turtlebot3_fake_node/package.ps1'
[9.478s] INFO:colcon.colcon_core.shell:Creating package descriptor '/home/sdh/turtlebot3_ws/install/turtlebot3_fake_node/share/turtlebot3_fake_node/package.dsv'
[9.479s] INFO:colcon.colcon_core.shell:Creating package script '/home/sdh/turtlebot3_ws/install/turtlebot3_fake_node/share/turtlebot3_fake_node/package.sh'
[9.479s] INFO:colcon.colcon_core.shell:Creating package script '/home/sdh/turtlebot3_ws/install/turtlebot3_fake_node/share/turtlebot3_fake_node/package.bash'
[9.479s] INFO:colcon.colcon_core.shell:Creating package script '/home/sdh/turtlebot3_ws/install/turtlebot3_fake_node/share/turtlebot3_fake_node/package.zsh'
[9.480s] Level 1:colcon.colcon_core.environment:create_file_with_runtime_dependencies(/home/sdh/turtlebot3_ws/install/turtlebot3_fake_node/share/colcon-core/packages/turtlebot3_fake_node)
[9.579s] Level 1:colcon.colcon_core.environment:create_environment_scripts_only(turtlebot3_gazebo)
[9.677s] Level 1:colcon.colcon_core.environment:checking '/home/sdh/turtlebot3_ws/install/turtlebot3_gazebo' for CMake module files
[9.678s] Level 1:colcon.colcon_core.environment:checking '/home/sdh/turtlebot3_ws/install/turtlebot3_gazebo' for CMake config files
[9.680s] Level 1:colcon.colcon_core.shell:create_environment_hook('turtlebot3_gazebo', 'cmake_prefix_path')
[9.778s] INFO:colcon.colcon_core.shell:Creating environment hook '/home/sdh/turtlebot3_ws/install/turtlebot3_gazebo/share/turtlebot3_gazebo/hook/cmake_prefix_path.ps1'
[9.778s] INFO:colcon.colcon_core.shell:Creating environment descriptor '/home/sdh/turtlebot3_ws/install/turtlebot3_gazebo/share/turtlebot3_gazebo/hook/cmake_prefix_path.dsv'
[9.778s] INFO:colcon.colcon_core.shell:Creating environment hook '/home/sdh/turtlebot3_ws/install/turtlebot3_gazebo/share/turtlebot3_gazebo/hook/cmake_prefix_path.sh'
[9.779s] Level 1:colcon.colcon_core.environment:checking '/home/sdh/turtlebot3_ws/install/turtlebot3_gazebo/lib'
[9.779s] Level 1:colcon.colcon_core.environment:checking '/home/sdh/turtlebot3_ws/install/turtlebot3_gazebo/bin'
[9.779s] Level 1:colcon.colcon_core.environment:checking '/home/sdh/turtlebot3_ws/install/turtlebot3_gazebo/lib/pkgconfig/turtlebot3_gazebo.pc'
[9.779s] Level 1:colcon.colcon_core.environment:checking '/home/sdh/turtlebot3_ws/install/turtlebot3_gazebo/lib/python3.8/site-packages'
[9.779s] Level 1:colcon.colcon_core.environment:checking '/home/sdh/turtlebot3_ws/install/turtlebot3_gazebo/bin'
[9.889s] INFO:colcon.colcon_core.shell:Creating package script '/home/sdh/turtlebot3_ws/install/turtlebot3_gazebo/share/turtlebot3_gazebo/package.ps1'
[9.889s] INFO:colcon.colcon_core.shell:Creating package descriptor '/home/sdh/turtlebot3_ws/install/turtlebot3_gazebo/share/turtlebot3_gazebo/package.dsv'
[9.890s] INFO:colcon.colcon_core.shell:Creating package script '/home/sdh/turtlebot3_ws/install/turtlebot3_gazebo/share/turtlebot3_gazebo/package.sh'
[9.890s] INFO:colcon.colcon_core.shell:Creating package script '/home/sdh/turtlebot3_ws/install/turtlebot3_gazebo/share/turtlebot3_gazebo/package.bash'
[9.890s] INFO:colcon.colcon_core.shell:Creating package script '/home/sdh/turtlebot3_ws/install/turtlebot3_gazebo/share/turtlebot3_gazebo/package.zsh'
[9.891s] Level 1:colcon.colcon_core.environment:create_file_with_runtime_dependencies(/home/sdh/turtlebot3_ws/install/turtlebot3_gazebo/share/colcon-core/packages/turtlebot3_gazebo)
[9.891s] INFO:colcon.colcon_ros.task.ament_cmake.build:Building ROS package in '/home/sdh/turtlebot3_ws/src/turtlebot3_simulations/turtlebot3_simulations' with build type 'ament_cmake'
[9.891s] INFO:colcon.colcon_cmake.task.cmake.build:Building CMake package in '/home/sdh/turtlebot3_ws/src/turtlebot3_simulations/turtlebot3_simulations'
[9.990s] INFO:colcon.colcon_core.shell:Skip shell extension 'powershell' for command environment: Not usable outside of PowerShell
[9.990s] DEBUG:colcon.colcon_core.shell:Skip shell extension 'dsv' for command environment
[10.395s] DEBUG:colcon.colcon_core.event_handler.log_command:Invoking command in '/home/sdh/turtlebot3_ws/build/turtlebot3_simulations': CMAKE_PREFIX_PATH=/home/sdh/turtlebot3_ws/install/turtlebot3_gazebo:/home/sdh/turtlebot3_ws/install/turtlebot3_fake_node:/home/sdh/turtlebot3_ws/install/turtlebot3_simulations:/home/sdh/robot_ws/install/turtle_pkg:/home/sdh/robot_ws/install/py_pubsub:/opt/ros/foxy /usr/bin/cmake --build /home/sdh/turtlebot3_ws/build/turtlebot3_simulations -- -j8 -l8
[10.436s] DEBUG:colcon.colcon_core.event_handler.log_command:Invoked command in '/home/sdh/turtlebot3_ws/build/turtlebot3_simulations' returned '0': CMAKE_PREFIX_PATH=/home/sdh/turtlebot3_ws/install/turtlebot3_gazebo:/home/sdh/turtlebot3_ws/install/turtlebot3_fake_node:/home/sdh/turtlebot3_ws/install/turtlebot3_simulations:/home/sdh/robot_ws/install/turtle_pkg:/home/sdh/robot_ws/install/py_pubsub:/opt/ros/foxy /usr/bin/cmake --build /home/sdh/turtlebot3_ws/build/turtlebot3_simulations -- -j8 -l8
[10.461s] DEBUG:colcon.colcon_core.event_handler.log_command:Invoking command in '/home/sdh/turtlebot3_ws/build/turtlebot3_simulations': CMAKE_PREFIX_PATH=/home/sdh/turtlebot3_ws/install/turtlebot3_gazebo:/home/sdh/turtlebot3_ws/install/turtlebot3_fake_node:/home/sdh/turtlebot3_ws/install/turtlebot3_simulations:/home/sdh/robot_ws/install/turtle_pkg:/home/sdh/robot_ws/install/py_pubsub:/opt/ros/foxy /usr/bin/cmake --install /home/sdh/turtlebot3_ws/build/turtlebot3_simulations
[10.474s] Level 1:colcon.colcon_core.environment:create_environment_scripts_only(turtlebot3_simulations)
[10.475s] DEBUG:colcon.colcon_core.event_handler.log_command:Invoked command in '/home/sdh/turtlebot3_ws/build/turtlebot3_simulations' returned '0': CMAKE_PREFIX_PATH=/home/sdh/turtlebot3_ws/install/turtlebot3_gazebo:/home/sdh/turtlebot3_ws/install/turtlebot3_fake_node:/home/sdh/turtlebot3_ws/install/turtlebot3_simulations:/home/sdh/robot_ws/install/turtle_pkg:/home/sdh/robot_ws/install/py_pubsub:/opt/ros/foxy /usr/bin/cmake --install /home/sdh/turtlebot3_ws/build/turtlebot3_simulations
[10.575s] Level 1:colcon.colcon_core.environment:checking '/home/sdh/turtlebot3_ws/install/turtlebot3_simulations' for CMake module files
[10.576s] Level 1:colcon.colcon_core.environment:checking '/home/sdh/turtlebot3_ws/install/turtlebot3_simulations' for CMake config files
[10.576s] Level 1:colcon.colcon_core.shell:create_environment_hook('turtlebot3_simulations', 'cmake_prefix_path')
[10.677s] INFO:colcon.colcon_core.shell:Creating environment hook '/home/sdh/turtlebot3_ws/install/turtlebot3_simulations/share/turtlebot3_simulations/hook/cmake_prefix_path.ps1'
[10.677s] INFO:colcon.colcon_core.shell:Creating environment descriptor '/home/sdh/turtlebot3_ws/install/turtlebot3_simulations/share/turtlebot3_simulations/hook/cmake_prefix_path.dsv'
[10.677s] INFO:colcon.colcon_core.shell:Creating environment hook '/home/sdh/turtlebot3_ws/install/turtlebot3_simulations/share/turtlebot3_simulations/hook/cmake_prefix_path.sh'
[10.678s] Level 1:colcon.colcon_core.environment:checking '/home/sdh/turtlebot3_ws/install/turtlebot3_simulations/bin'
[10.678s] Level 1:colcon.colcon_core.environment:checking '/home/sdh/turtlebot3_ws/install/turtlebot3_simulations/lib/pkgconfig/turtlebot3_simulations.pc'
[10.678s] Level 1:colcon.colcon_core.environment:checking '/home/sdh/turtlebot3_ws/install/turtlebot3_simulations/lib/python3.8/site-packages'
[10.678s] Level 1:colcon.colcon_core.environment:checking '/home/sdh/turtlebot3_ws/install/turtlebot3_simulations/bin'
[10.779s] INFO:colcon.colcon_core.shell:Creating package script '/home/sdh/turtlebot3_ws/install/turtlebot3_simulations/share/turtlebot3_simulations/package.ps1'
[10.780s] INFO:colcon.colcon_core.shell:Creating package descriptor '/home/sdh/turtlebot3_ws/install/turtlebot3_simulations/share/turtlebot3_simulations/package.dsv'
[10.780s] INFO:colcon.colcon_core.shell:Creating package script '/home/sdh/turtlebot3_ws/install/turtlebot3_simulations/share/turtlebot3_simulations/package.sh'
[10.781s] INFO:colcon.colcon_core.shell:Creating package script '/home/sdh/turtlebot3_ws/install/turtlebot3_simulations/share/turtlebot3_simulations/package.bash'
[10.781s] INFO:colcon.colcon_core.shell:Creating package script '/home/sdh/turtlebot3_ws/install/turtlebot3_simulations/share/turtlebot3_simulations/package.zsh'
[10.781s] Level 1:colcon.colcon_core.environment:create_file_with_runtime_dependencies(/home/sdh/turtlebot3_ws/install/turtlebot3_simulations/share/colcon-core/packages/turtlebot3_simulations)
[10.907s] Level 1:colcon.colcon_core.environment:create_environment_scripts_only(turtlebot3_simulations)
[11.011s] Level 1:colcon.colcon_core.environment:checking '/home/sdh/turtlebot3_ws/install/turtlebot3_simulations' for CMake module files
[11.011s] Level 1:colcon.colcon_core.environment:checking '/home/sdh/turtlebot3_ws/install/turtlebot3_simulations' for CMake config files
[11.012s] Level 1:colcon.colcon_core.shell:create_environment_hook('turtlebot3_simulations', 'cmake_prefix_path')
[11.112s] INFO:colcon.colcon_core.shell:Creating environment hook '/home/sdh/turtlebot3_ws/install/turtlebot3_simulations/share/turtlebot3_simulations/hook/cmake_prefix_path.ps1'
[11.113s] INFO:colcon.colcon_core.shell:Creating environment descriptor '/home/sdh/turtlebot3_ws/install/turtlebot3_simulations/share/turtlebot3_simulations/hook/cmake_prefix_path.dsv'
[11.113s] INFO:colcon.colcon_core.shell:Creating environment hook '/home/sdh/turtlebot3_ws/install/turtlebot3_simulations/share/turtlebot3_simulations/hook/cmake_prefix_path.sh'
[11.114s] Level 1:colcon.colcon_core.environment:checking '/home/sdh/turtlebot3_ws/install/turtlebot3_simulations/bin'
[11.114s] Level 1:colcon.colcon_core.environment:checking '/home/sdh/turtlebot3_ws/install/turtlebot3_simulations/lib/pkgconfig/turtlebot3_simulations.pc'
[11.114s] Level 1:colcon.colcon_core.environment:checking '/home/sdh/turtlebot3_ws/install/turtlebot3_simulations/lib/python3.8/site-packages'
[11.114s] Level 1:colcon.colcon_core.environment:checking '/home/sdh/turtlebot3_ws/install/turtlebot3_simulations/bin'
[11.219s] INFO:colcon.colcon_core.shell:Creating package script '/home/sdh/turtlebot3_ws/install/turtlebot3_simulations/share/turtlebot3_simulations/package.ps1'
[11.219s] INFO:colcon.colcon_core.shell:Creating package descriptor '/home/sdh/turtlebot3_ws/install/turtlebot3_simulations/share/turtlebot3_simulations/package.dsv'
[11.220s] INFO:colcon.colcon_core.shell:Creating package script '/home/sdh/turtlebot3_ws/install/turtlebot3_simulations/share/turtlebot3_simulations/package.sh'
[11.220s] INFO:colcon.colcon_core.shell:Creating package script '/home/sdh/turtlebot3_ws/install/turtlebot3_simulations/share/turtlebot3_simulations/package.bash'
[11.220s] INFO:colcon.colcon_core.shell:Creating package script '/home/sdh/turtlebot3_ws/install/turtlebot3_simulations/share/turtlebot3_simulations/package.zsh'
[11.221s] Level 1:colcon.colcon_core.environment:create_file_with_runtime_dependencies(/home/sdh/turtlebot3_ws/install/turtlebot3_simulations/share/colcon-core/packages/turtlebot3_simulations)
[11.221s] DEBUG:colcon.colcon_parallel_executor.executor.parallel:closing loop
[11.221s] DEBUG:colcon.colcon_parallel_executor.executor.parallel:loop closed
[11.221s] DEBUG:colcon.colcon_parallel_executor.executor.parallel:run_until_complete finished with '0'
[11.221s] DEBUG:colcon.colcon_core.event_reactor:joining thread
[11.331s] INFO:colcon.colcon_core.plugin_system:Skipping extension 'colcon_notification.desktop_notification.terminal_notifier': Not used on non-Darwin systems
[11.331s] INFO:colcon.colcon_core.plugin_system:Skipping extension 'colcon_notification.desktop_notification.win32': Not used on non-Windows systems
[11.331s] INFO:colcon.colcon_notification.desktop_notification:Sending desktop notification using 'notify2'
[11.345s] DEBUG:colcon.colcon_core.event_reactor:joined thread
[11.445s] INFO:colcon.colcon_core.shell:Creating prefix script '/home/sdh/turtlebot3_ws/install/local_setup.ps1'
[11.446s] INFO:colcon.colcon_core.shell:Creating prefix util module '/home/sdh/turtlebot3_ws/install/_local_setup_util_ps1.py'
[11.447s] INFO:colcon.colcon_core.shell:Creating prefix chain script '/home/sdh/turtlebot3_ws/install/setup.ps1'
[11.548s] INFO:colcon.colcon_core.shell:Creating prefix script '/home/sdh/turtlebot3_ws/install/local_setup.sh'
[11.548s] INFO:colcon.colcon_core.shell:Creating prefix util module '/home/sdh/turtlebot3_ws/install/_local_setup_util_sh.py'
[11.549s] INFO:colcon.colcon_core.shell:Creating prefix chain script '/home/sdh/turtlebot3_ws/install/setup.sh'
[11.648s] INFO:colcon.colcon_core.shell:Creating prefix script '/home/sdh/turtlebot3_ws/install/local_setup.bash'
[11.648s] INFO:colcon.colcon_core.shell:Creating prefix chain script '/home/sdh/turtlebot3_ws/install/setup.bash'
[11.749s] INFO:colcon.colcon_core.shell:Creating prefix script '/home/sdh/turtlebot3_ws/install/local_setup.zsh'
[11.749s] INFO:colcon.colcon_core.shell:Creating prefix chain script '/home/sdh/turtlebot3_ws/install/setup.zsh'
