[0.450s] Invoking command in '/home/sdh/turtlebot3_ws/build/turtlebot3_gazebo': CMAKE_PREFIX_PATH=/home/sdh/robot_ws/install/turtle_pkg:/home/sdh/robot_ws/install/py_pubsub:/opt/ros/foxy /usr/bin/cmake /home/sdh/turtlebot3_ws/src/turtlebot3_simulations/turtlebot3_gazebo -DAMENT_CMAKE_SYMLINK_INSTALL=1 -DCMAKE_INSTALL_PREFIX=/home/sdh/turtlebot3_ws/install/turtlebot3_gazebo
[1.773s] -- The C compiler identification is GNU 9.4.0
[2.366s] -- The CXX compiler identification is GNU 9.4.0
[2.447s] -- Check for working C compiler: /usr/bin/cc
[2.637s] -- Check for working C compiler: /usr/bin/cc -- works
[2.638s] -- Detecting C compiler ABI info
[2.777s] -- Detecting C compiler ABI info - done
[2.789s] -- Detecting C compile features
[2.789s] -- Detecting C compile features - done
[2.792s] -- Check for working CXX compiler: /usr/bin/c++
[2.879s] -- Check for working CXX compiler: /usr/bin/c++ -- works
[2.881s] -- Detecting CXX compiler ABI info
[2.972s] -- Detecting CXX compiler ABI info - done
[2.985s] -- Detecting CXX compile features
[2.985s] -- Detecting CXX compile features - done
[3.034s] -- Found ament_cmake: 0.9.12 (/opt/ros/foxy/share/ament_cmake/cmake)
[3.124s] -- Found PythonInterp: /usr/bin/python3 (found suitable version "3.8.10", minimum required is "3") 
[3.124s] -- Using PYTHON_EXECUTABLE: /usr/bin/python3
[3.349s] -- Override CMake install command with custom implementation using symlinks instead of copying resources
[3.559s] CMake Error at CMakeLists.txt:23 (find_package):
[3.560s]   By not providing "Findgazebo.cmake" in CMAKE_MODULE_PATH this project has
[3.560s]   asked CMake to find a package configuration file provided by "gazebo", but
[3.561s]   CMake did not find one.
[3.561s] 
[3.561s]   Could not find a package configuration file provided by "gazebo" with any
[3.562s]   of the following names:
[3.562s] 
[3.562s]     gazeboConfig.cmake
[3.562s]     gazebo-config.cmake
[3.563s] 
[3.563s]   Add the installation prefix of "gazebo" to CMAKE_PREFIX_PATH or set
[3.563s]   "gazebo_DIR" to a directory containing one of the above files.  If "gazebo"
[3.564s]   provides a separate development package or SDK, be sure it has been
[3.564s]   installed.
[3.564s] 
[3.564s] 
[3.564s] -- Configuring incomplete, errors occurred!
[3.565s] See also "/home/sdh/turtlebot3_ws/build/turtlebot3_gazebo/CMakeFiles/CMakeOutput.log".
[3.569s] Invoked command in '/home/sdh/turtlebot3_ws/build/turtlebot3_gazebo' returned '1': CMAKE_PREFIX_PATH=/home/sdh/robot_ws/install/turtle_pkg:/home/sdh/robot_ws/install/py_pubsub:/opt/ros/foxy /usr/bin/cmake /home/sdh/turtlebot3_ws/src/turtlebot3_simulations/turtlebot3_gazebo -DAMENT_CMAKE_SYMLINK_INSTALL=1 -DCMAKE_INSTALL_PREFIX=/home/sdh/turtlebot3_ws/install/turtlebot3_gazebo
