[0.440s] Invoking command in '/home/sdh/turtlebot3_ws/build/turtlebot3_simulations': AMENT_PREFIX_PATH=/home/sdh/turtlebot3_ws/install/turtlebot3_gazebo:/home/sdh/turtlebot3_ws/install/turtlebot3_fake_node:${AMENT_PREFIX_PATH} CMAKE_PREFIX_PATH=/home/sdh/turtlebot3_ws/install/turtlebot3_gazebo:/home/sdh/turtlebot3_ws/install/turtlebot3_fake_node:/home/sdh/robot_ws/install/turtle_pkg:/home/sdh/robot_ws/install/py_pubsub:/opt/ros/foxy /usr/bin/cmake /home/sdh/turtlebot3_ws/src/turtlebot3_simulations/turtlebot3_simulations -DCMAKE_INSTALL_PREFIX=/home/sdh/turtlebot3_ws/install/turtlebot3_simulations
[0.674s] -- The C compiler identification is GNU 9.4.0
[0.795s] -- The CXX compiler identification is GNU 9.4.0
[0.812s] -- Check for working C compiler: /usr/bin/cc
[0.890s] -- Check for working C compiler: /usr/bin/cc -- works
[0.904s] -- Detecting C compiler ABI info
[0.980s] -- Detecting C compiler ABI info - done
[0.991s] -- Detecting C compile features
[0.992s] -- Detecting C compile features - done
[0.995s] -- Check for working CXX compiler: /usr/bin/c++
[1.083s] -- Check for working CXX compiler: /usr/bin/c++ -- works
[1.084s] -- Detecting CXX compiler ABI info
[1.177s] -- Detecting CXX compiler ABI info - done
[1.189s] -- Detecting CXX compile features
[1.190s] -- Detecting CXX compile features - done
[1.193s] -- Found ament_cmake: 0.9.12 (/opt/ros/foxy/share/ament_cmake/cmake)
[1.276s] -- Found PythonInterp: /usr/bin/python3 (found suitable version "3.8.10", minimum required is "3") 
[1.277s] -- Using PYTHON_EXECUTABLE: /usr/bin/python3
[1.740s] -- Configuring done
[1.741s] -- Generating done
[1.742s] -- Build files have been written to: /home/sdh/turtlebot3_ws/build/turtlebot3_simulations
[1.746s] Invoked command in '/home/sdh/turtlebot3_ws/build/turtlebot3_simulations' returned '0': AMENT_PREFIX_PATH=/home/sdh/turtlebot3_ws/install/turtlebot3_gazebo:/home/sdh/turtlebot3_ws/install/turtlebot3_fake_node:${AMENT_PREFIX_PATH} CMAKE_PREFIX_PATH=/home/sdh/turtlebot3_ws/install/turtlebot3_gazebo:/home/sdh/turtlebot3_ws/install/turtlebot3_fake_node:/home/sdh/robot_ws/install/turtle_pkg:/home/sdh/robot_ws/install/py_pubsub:/opt/ros/foxy /usr/bin/cmake /home/sdh/turtlebot3_ws/src/turtlebot3_simulations/turtlebot3_simulations -DCMAKE_INSTALL_PREFIX=/home/sdh/turtlebot3_ws/install/turtlebot3_simulations
[1.749s] Invoking command in '/home/sdh/turtlebot3_ws/build/turtlebot3_simulations': AMENT_PREFIX_PATH=/home/sdh/turtlebot3_ws/install/turtlebot3_gazebo:/home/sdh/turtlebot3_ws/install/turtlebot3_fake_node:${AMENT_PREFIX_PATH} CMAKE_PREFIX_PATH=/home/sdh/turtlebot3_ws/install/turtlebot3_gazebo:/home/sdh/turtlebot3_ws/install/turtlebot3_fake_node:/home/sdh/robot_ws/install/turtle_pkg:/home/sdh/robot_ws/install/py_pubsub:/opt/ros/foxy /usr/bin/cmake --build /home/sdh/turtlebot3_ws/build/turtlebot3_simulations -- -j8 -l8
[1.791s] Invoked command in '/home/sdh/turtlebot3_ws/build/turtlebot3_simulations' returned '0': AMENT_PREFIX_PATH=/home/sdh/turtlebot3_ws/install/turtlebot3_gazebo:/home/sdh/turtlebot3_ws/install/turtlebot3_fake_node:${AMENT_PREFIX_PATH} CMAKE_PREFIX_PATH=/home/sdh/turtlebot3_ws/install/turtlebot3_gazebo:/home/sdh/turtlebot3_ws/install/turtlebot3_fake_node:/home/sdh/robot_ws/install/turtle_pkg:/home/sdh/robot_ws/install/py_pubsub:/opt/ros/foxy /usr/bin/cmake --build /home/sdh/turtlebot3_ws/build/turtlebot3_simulations -- -j8 -l8
[1.816s] Invoking command in '/home/sdh/turtlebot3_ws/build/turtlebot3_simulations': AMENT_PREFIX_PATH=/home/sdh/turtlebot3_ws/install/turtlebot3_gazebo:/home/sdh/turtlebot3_ws/install/turtlebot3_fake_node:${AMENT_PREFIX_PATH} CMAKE_PREFIX_PATH=/home/sdh/turtlebot3_ws/install/turtlebot3_gazebo:/home/sdh/turtlebot3_ws/install/turtlebot3_fake_node:/home/sdh/robot_ws/install/turtle_pkg:/home/sdh/robot_ws/install/py_pubsub:/opt/ros/foxy /usr/bin/cmake --install /home/sdh/turtlebot3_ws/build/turtlebot3_simulations
[1.827s] -- Install configuration: ""
[1.827s] -- Installing: /home/sdh/turtlebot3_ws/install/turtlebot3_simulations/share/ament_index/resource_index/package_run_dependencies/turtlebot3_simulations
[1.827s] -- Installing: /home/sdh/turtlebot3_ws/install/turtlebot3_simulations/share/ament_index/resource_index/parent_prefix_path/turtlebot3_simulations
[1.828s] -- Installing: /home/sdh/turtlebot3_ws/install/turtlebot3_simulations/share/turtlebot3_simulations/environment/ament_prefix_path.sh
[1.828s] -- Installing: /home/sdh/turtlebot3_ws/install/turtlebot3_simulations/share/turtlebot3_simulations/environment/ament_prefix_path.dsv
[1.828s] -- Installing: /home/sdh/turtlebot3_ws/install/turtlebot3_simulations/share/turtlebot3_simulations/environment/path.sh
[1.828s] -- Installing: /home/sdh/turtlebot3_ws/install/turtlebot3_simulations/share/turtlebot3_simulations/environment/path.dsv
[1.828s] -- Installing: /home/sdh/turtlebot3_ws/install/turtlebot3_simulations/share/turtlebot3_simulations/local_setup.bash
[1.828s] -- Installing: /home/sdh/turtlebot3_ws/install/turtlebot3_simulations/share/turtlebot3_simulations/local_setup.sh
[1.828s] -- Installing: /home/sdh/turtlebot3_ws/install/turtlebot3_simulations/share/turtlebot3_simulations/local_setup.zsh
[1.828s] -- Installing: /home/sdh/turtlebot3_ws/install/turtlebot3_simulations/share/turtlebot3_simulations/local_setup.dsv
[1.829s] -- Installing: /home/sdh/turtlebot3_ws/install/turtlebot3_simulations/share/turtlebot3_simulations/package.dsv
[1.829s] -- Installing: /home/sdh/turtlebot3_ws/install/turtlebot3_simulations/share/ament_index/resource_index/packages/turtlebot3_simulations
[1.829s] -- Installing: /home/sdh/turtlebot3_ws/install/turtlebot3_simulations/share/turtlebot3_simulations/cmake/turtlebot3_simulationsConfig.cmake
[1.829s] -- Installing: /home/sdh/turtlebot3_ws/install/turtlebot3_simulations/share/turtlebot3_simulations/cmake/turtlebot3_simulationsConfig-version.cmake
[1.829s] -- Installing: /home/sdh/turtlebot3_ws/install/turtlebot3_simulations/share/turtlebot3_simulations/package.xml
[1.831s] Invoked command in '/home/sdh/turtlebot3_ws/build/turtlebot3_simulations' returned '0': AMENT_PREFIX_PATH=/home/sdh/turtlebot3_ws/install/turtlebot3_gazebo:/home/sdh/turtlebot3_ws/install/turtlebot3_fake_node:${AMENT_PREFIX_PATH} CMAKE_PREFIX_PATH=/home/sdh/turtlebot3_ws/install/turtlebot3_gazebo:/home/sdh/turtlebot3_ws/install/turtlebot3_fake_node:/home/sdh/robot_ws/install/turtle_pkg:/home/sdh/robot_ws/install/py_pubsub:/opt/ros/foxy /usr/bin/cmake --install /home/sdh/turtlebot3_ws/build/turtlebot3_simulations
