-- The C compiler identification is GNU 9.4.0
-- The CXX compiler identification is GNU 9.4.0
-- Check for working C compiler: /usr/bin/cc
-- Check for working C compiler: /usr/bin/cc -- works
-- Detecting C compiler ABI info
-- Detecting C compiler ABI info - done
-- Detecting C compile features
-- Detecting C compile features - done
-- Check for working CXX compiler: /usr/bin/c++
-- Check for working CXX compiler: /usr/bin/c++ -- works
-- Detecting CXX compiler ABI info
-- Detecting CXX compiler ABI info - done
-- Detecting CXX compile features
-- Detecting CXX compile features - done
-- Found ament_cmake: 0.9.12 (/opt/ros/foxy/share/ament_cmake/cmake)
-- Found PythonInterp: /usr/bin/python3 (found suitable version "3.8.10", minimum required is "3") 
-- Using PYTHON_EXECUTABLE: /usr/bin/python3
-- Override CMake install command with custom implementation using symlinks instead of copying resources
-- Found geometry_msgs: 2.0.5 (/opt/ros/foxy/share/geometry_msgs/cmake)
-- Using all available rosidl_typesupport_c: rosidl_typesupport_fastrtps_c;rosidl_typesupport_introspection_c
-- Found rosidl_adapter: 1.3.1 (/opt/ros/foxy/share/rosidl_adapter/cmake)
-- Found OpenSSL: /usr/lib/x86_64-linux-gnu/libcrypto.so (found version "1.1.1f")  
-- Found FastRTPS: /opt/ros/foxy/include  
-- Using all available rosidl_typesupport_cpp: rosidl_typesupport_fastrtps_cpp;rosidl_typesupport_introspection_cpp
-- Found nav_msgs: 2.0.5 (/opt/ros/foxy/share/nav_msgs/cmake)
-- Found rclcpp: 2.4.3 (/opt/ros/foxy/share/rclcpp/cmake)
-- Found rmw_implementation_cmake: 1.0.4 (/opt/ros/foxy/share/rmw_implementation_cmake/cmake)
-- Using RMW implementation 'rmw_fastrtps_cpp' as default
-- Looking for pthread.h
-- Looking for pthread.h - found
-- Performing Test CMAKE_HAVE_LIBC_PTHREAD
-- Performing Test CMAKE_HAVE_LIBC_PTHREAD - Failed
-- Looking for pthread_create in pthreads
-- Looking for pthread_create in pthreads - not found
-- Looking for pthread_create in pthread
-- Looking for pthread_create in pthread - found
-- Found Threads: TRUE  
-- Found sensor_msgs: 2.0.5 (/opt/ros/foxy/share/sensor_msgs/cmake)
-- Found tf2: 0.13.14 (/opt/ros/foxy/share/tf2/cmake)
-- Found tf2_msgs: 0.13.14 (/opt/ros/foxy/share/tf2_msgs/cmake)
CMake Error at CMakeLists.txt:25 (find_package):
  By not providing "Findturtlebot3_msgs.cmake" in CMAKE_MODULE_PATH this
  project has asked CMake to find a package configuration file provided by
  "turtlebot3_msgs", but CMake did not find one.

  Could not find a package configuration file provided by "turtlebot3_msgs"
  with any of the following names:

    turtlebot3_msgsConfig.cmake
    turtlebot3_msgs-config.cmake

  Add the installation prefix of "turtlebot3_msgs" to CMAKE_PREFIX_PATH or
  set "turtlebot3_msgs_DIR" to a directory containing one of the above files.
  If "turtlebot3_msgs" provides a separate development package or SDK, be
  sure it has been installed.


-- Configuring incomplete, errors occurred!
See also "/home/sdh/turtlebot3_ws/build/turtlebot3_fake_node/CMakeFiles/CMakeOutput.log".
See also "/home/sdh/turtlebot3_ws/build/turtlebot3_fake_node/CMakeFiles/CMakeError.log".
