[0.826s] Invoking command in '/home/sdh/turtlebot3_ws/build/turtlebot3_fake_node': CMAKE_PREFIX_PATH=/home/sdh/robot_ws/install/turtle_pkg:/home/sdh/robot_ws/install/py_pubsub:/opt/ros/foxy /usr/bin/cmake /home/sdh/turtlebot3_ws/src/turtlebot3_simulations/turtlebot3_fake_node -DAMENT_CMAKE_SYMLINK_INSTALL=1 -DCMAKE_INSTALL_PREFIX=/home/sdh/turtlebot3_ws/install/turtlebot3_fake_node
[2.183s] -- The C compiler identification is GNU 9.4.0
[2.776s] -- The CXX compiler identification is GNU 9.4.0
[2.857s] -- Check for working C compiler: /usr/bin/cc
[3.047s] -- Check for working C compiler: /usr/bin/cc -- works
[3.048s] -- Detecting C compiler ABI info
[3.187s] -- Detecting C compiler ABI info - done
[3.199s] -- Detecting C compile features
[3.199s] -- Detecting C compile features - done
[3.202s] -- Check for working CXX compiler: /usr/bin/c++
[3.289s] -- Check for working CXX compiler: /usr/bin/c++ -- works
[3.291s] -- Detecting CXX compiler ABI info
[3.380s] -- Detecting CXX compiler ABI info - done
[3.392s] -- Detecting CXX compile features
[3.393s] -- Detecting CXX compile features - done
[3.444s] -- Found ament_cmake: 0.9.12 (/opt/ros/foxy/share/ament_cmake/cmake)
[3.534s] -- Found PythonInterp: /usr/bin/python3 (found suitable version "3.8.10", minimum required is "3") 
[3.534s] -- Using PYTHON_EXECUTABLE: /usr/bin/python3
[3.762s] -- Override CMake install command with custom implementation using symlinks instead of copying resources
[3.878s] -- Found geometry_msgs: 2.0.5 (/opt/ros/foxy/share/geometry_msgs/cmake)
[4.037s] -- Using all available rosidl_typesupport_c: rosidl_typesupport_fastrtps_c;rosidl_typesupport_introspection_c
[4.072s] -- Found rosidl_adapter: 1.3.1 (/opt/ros/foxy/share/rosidl_adapter/cmake)
[4.295s] -- Found OpenSSL: /usr/lib/x86_64-linux-gnu/libcrypto.so (found version "1.1.1f")  
[4.328s] -- Found FastRTPS: /opt/ros/foxy/include  
[4.438s] -- Using all available rosidl_typesupport_cpp: rosidl_typesupport_fastrtps_cpp;rosidl_typesupport_introspection_cpp
[4.554s] -- Found nav_msgs: 2.0.5 (/opt/ros/foxy/share/nav_msgs/cmake)
[4.647s] -- Found rclcpp: 2.4.3 (/opt/ros/foxy/share/rclcpp/cmake)
[4.770s] -- Found rmw_implementation_cmake: 1.0.4 (/opt/ros/foxy/share/rmw_implementation_cmake/cmake)
[4.774s] -- Using RMW implementation 'rmw_fastrtps_cpp' as default
[4.775s] -- Looking for pthread.h
[4.979s] -- Looking for pthread.h - found
[4.979s] -- Performing Test CMAKE_HAVE_LIBC_PTHREAD
[5.070s] -- Performing Test CMAKE_HAVE_LIBC_PTHREAD - Failed
[5.070s] -- Looking for pthread_create in pthreads
[5.190s] -- Looking for pthread_create in pthreads - not found
[5.190s] -- Looking for pthread_create in pthread
[5.284s] -- Looking for pthread_create in pthread - found
[5.285s] -- Found Threads: TRUE  
[5.516s] -- Found sensor_msgs: 2.0.5 (/opt/ros/foxy/share/sensor_msgs/cmake)
[5.619s] -- Found tf2: 0.13.14 (/opt/ros/foxy/share/tf2/cmake)
[5.659s] -- Found tf2_msgs: 0.13.14 (/opt/ros/foxy/share/tf2_msgs/cmake)
[5.909s] CMake Error at CMakeLists.txt:25 (find_package):
[5.910s]   By not providing "Findturtlebot3_msgs.cmake" in CMAKE_MODULE_PATH this
[5.910s]   project has asked CMake to find a package configuration file provided by
[5.910s]   "turtlebot3_msgs", but CMake did not find one.
[5.910s] 
[5.910s]   Could not find a package configuration file provided by "turtlebot3_msgs"
[5.910s]   with any of the following names:
[5.910s] 
[5.910s]     turtlebot3_msgsConfig.cmake
[5.910s]     turtlebot3_msgs-config.cmake
[5.910s] 
[5.910s]   Add the installation prefix of "turtlebot3_msgs" to CMAKE_PREFIX_PATH or
[5.910s]   set "turtlebot3_msgs_DIR" to a directory containing one of the above files.
[5.910s]   If "turtlebot3_msgs" provides a separate development package or SDK, be
[5.910s]   sure it has been installed.
[5.910s] 
[5.910s] 
[5.912s] -- Configuring incomplete, errors occurred!
[5.912s] See also "/home/sdh/turtlebot3_ws/build/turtlebot3_fake_node/CMakeFiles/CMakeOutput.log".
[5.912s] See also "/home/sdh/turtlebot3_ws/build/turtlebot3_fake_node/CMakeFiles/CMakeError.log".
