[5.416s] DEBUG:colcon:Command line arguments: ['/usr/bin/colcon', 'build']
[5.416s] DEBUG:colcon:Parsed command line arguments: Namespace(allow_overriding=[], ament_cmake_args=None, base_paths=['.'], build_base='build', catkin_cmake_args=None, catkin_skip_building_tests=False, cmake_args=None, cmake_clean_cache=False, cmake_clean_first=False, cmake_force_configure=False, cmake_target=None, cmake_target_skip_unavailable=False, continue_on_error=False, event_handlers=None, executor='parallel', ignore_user_meta=False, install_base='install', log_base=None, log_level=None, main=<bound method BuildVerb.main of <colcon_core.verb.build.BuildVerb object at 0x7fdd419cba30>>, merge_install=False, metas=['./colcon.meta'], packages_above=None, packages_above_and_dependencies=None, packages_above_depth=None, packages_end=None, packages_ignore=None, packages_ignore_regex=None, packages_select=None, packages_select_build_failed=False, packages_select_by_dep=None, packages_select_regex=None, packages_select_test_failures=False, packages_skip=None, packages_skip_build_finished=False, packages_skip_by_dep=None, packages_skip_regex=None, packages_skip_test_passed=False, packages_skip_up_to=None, packages_start=None, packages_up_to=None, packages_up_to_regex=None, parallel_workers=8, paths=None, symlink_install=False, test_result_base=None, verb_extension=<colcon_core.verb.build.BuildVerb object at 0x7fdd419cba30>, verb_name='build', verb_parser=<colcon_defaults.argument_parser.defaults.DefaultArgumentsDecorator object at 0x7fdd4166ad30>)
[5.632s] Level 1:colcon.colcon_core.package_discovery:discover_packages(colcon_meta) check parameters
[5.632s] Level 1:colcon.colcon_core.package_discovery:discover_packages(recursive) check parameters
[5.632s] Level 1:colcon.colcon_core.package_discovery:discover_packages(ignore) check parameters
[5.632s] Level 1:colcon.colcon_core.package_discovery:discover_packages(path) check parameters
[5.632s] Level 1:colcon.colcon_core.package_discovery:discover_packages(colcon_meta) discover
[5.632s] Level 1:colcon.colcon_core.package_discovery:discover_packages(recursive) discover
[5.632s] INFO:colcon.colcon_core.package_discovery:Crawling recursively for packages in '/home/sdh/turtlebot3_ws'
[5.632s] Level 1:colcon.colcon_core.package_identification:_identify(.) by extensions ['ignore', 'ignore_ament_install']
[5.632s] Level 1:colcon.colcon_core.package_identification:_identify(.) by extension 'ignore'
[5.632s] Level 1:colcon.colcon_core.package_identification:_identify(.) by extension 'ignore_ament_install'
[5.632s] Level 1:colcon.colcon_core.package_identification:_identify(.) by extensions ['colcon_pkg']
[5.632s] Level 1:colcon.colcon_core.package_identification:_identify(.) by extension 'colcon_pkg'
[5.632s] Level 1:colcon.colcon_core.package_identification:_identify(.) by extensions ['colcon_meta']
[5.633s] Level 1:colcon.colcon_core.package_identification:_identify(.) by extension 'colcon_meta'
[5.633s] Level 1:colcon.colcon_core.package_identification:_identify(.) by extensions ['ros']
[5.633s] Level 1:colcon.colcon_core.package_identification:_identify(.) by extension 'ros'
[5.643s] Level 1:colcon.colcon_core.package_identification:_identify(.) by extensions ['cmake', 'python']
[5.643s] Level 1:colcon.colcon_core.package_identification:_identify(.) by extension 'cmake'
[5.643s] Level 1:colcon.colcon_core.package_identification:_identify(.) by extension 'python'
[5.643s] Level 1:colcon.colcon_core.package_identification:_identify(.) by extensions ['python_setup_py']
[5.643s] Level 1:colcon.colcon_core.package_identification:_identify(.) by extension 'python_setup_py'
[5.644s] Level 1:colcon.colcon_core.package_identification:_identify(build) by extensions ['ignore', 'ignore_ament_install']
[5.644s] Level 1:colcon.colcon_core.package_identification:_identify(build) by extension 'ignore'
[5.644s] Level 1:colcon.colcon_core.package_identification:_identify(build) ignored
[5.644s] Level 1:colcon.colcon_core.package_identification:_identify(install) by extensions ['ignore', 'ignore_ament_install']
[5.644s] Level 1:colcon.colcon_core.package_identification:_identify(install) by extension 'ignore'
[5.644s] Level 1:colcon.colcon_core.package_identification:_identify(install) ignored
[5.644s] Level 1:colcon.colcon_core.package_identification:_identify(log) by extensions ['ignore', 'ignore_ament_install']
[5.644s] Level 1:colcon.colcon_core.package_identification:_identify(log) by extension 'ignore'
[5.644s] Level 1:colcon.colcon_core.package_identification:_identify(log) ignored
[5.644s] Level 1:colcon.colcon_core.package_identification:_identify(src) by extensions ['ignore', 'ignore_ament_install']
[5.644s] Level 1:colcon.colcon_core.package_identification:_identify(src) by extension 'ignore'
[5.644s] Level 1:colcon.colcon_core.package_identification:_identify(src) by extension 'ignore_ament_install'
[5.644s] Level 1:colcon.colcon_core.package_identification:_identify(src) by extensions ['colcon_pkg']
[5.644s] Level 1:colcon.colcon_core.package_identification:_identify(src) by extension 'colcon_pkg'
[5.645s] Level 1:colcon.colcon_core.package_identification:_identify(src) by extensions ['colcon_meta']
[5.645s] Level 1:colcon.colcon_core.package_identification:_identify(src) by extension 'colcon_meta'
[5.645s] Level 1:colcon.colcon_core.package_identification:_identify(src) by extensions ['ros']
[5.645s] Level 1:colcon.colcon_core.package_identification:_identify(src) by extension 'ros'
[5.645s] Level 1:colcon.colcon_core.package_identification:_identify(src) by extensions ['cmake', 'python']
[5.645s] Level 1:colcon.colcon_core.package_identification:_identify(src) by extension 'cmake'
[5.645s] Level 1:colcon.colcon_core.package_identification:_identify(src) by extension 'python'
[5.645s] Level 1:colcon.colcon_core.package_identification:_identify(src) by extensions ['python_setup_py']
[5.645s] Level 1:colcon.colcon_core.package_identification:_identify(src) by extension 'python_setup_py'
[5.645s] Level 1:colcon.colcon_core.package_identification:_identify(src/turtlebot3_simulations) by extensions ['ignore', 'ignore_ament_install']
[5.645s] Level 1:colcon.colcon_core.package_identification:_identify(src/turtlebot3_simulations) by extension 'ignore'
[5.645s] Level 1:colcon.colcon_core.package_identification:_identify(src/turtlebot3_simulations) by extension 'ignore_ament_install'
[5.645s] Level 1:colcon.colcon_core.package_identification:_identify(src/turtlebot3_simulations) by extensions ['colcon_pkg']
[5.645s] Level 1:colcon.colcon_core.package_identification:_identify(src/turtlebot3_simulations) by extension 'colcon_pkg'
[5.645s] Level 1:colcon.colcon_core.package_identification:_identify(src/turtlebot3_simulations) by extensions ['colcon_meta']
[5.645s] Level 1:colcon.colcon_core.package_identification:_identify(src/turtlebot3_simulations) by extension 'colcon_meta'
[5.645s] Level 1:colcon.colcon_core.package_identification:_identify(src/turtlebot3_simulations) by extensions ['ros']
[5.645s] Level 1:colcon.colcon_core.package_identification:_identify(src/turtlebot3_simulations) by extension 'ros'
[5.645s] Level 1:colcon.colcon_core.package_identification:_identify(src/turtlebot3_simulations) by extensions ['cmake', 'python']
[5.646s] Level 1:colcon.colcon_core.package_identification:_identify(src/turtlebot3_simulations) by extension 'cmake'
[5.646s] Level 1:colcon.colcon_core.package_identification:_identify(src/turtlebot3_simulations) by extension 'python'
[5.646s] Level 1:colcon.colcon_core.package_identification:_identify(src/turtlebot3_simulations) by extensions ['python_setup_py']
[5.646s] Level 1:colcon.colcon_core.package_identification:_identify(src/turtlebot3_simulations) by extension 'python_setup_py'
[5.646s] Level 1:colcon.colcon_core.package_identification:_identify(src/turtlebot3_simulations/turtlebot3_fake_node) by extensions ['ignore', 'ignore_ament_install']
[5.646s] Level 1:colcon.colcon_core.package_identification:_identify(src/turtlebot3_simulations/turtlebot3_fake_node) by extension 'ignore'
[5.646s] Level 1:colcon.colcon_core.package_identification:_identify(src/turtlebot3_simulations/turtlebot3_fake_node) by extension 'ignore_ament_install'
[5.646s] Level 1:colcon.colcon_core.package_identification:_identify(src/turtlebot3_simulations/turtlebot3_fake_node) by extensions ['colcon_pkg']
[5.646s] Level 1:colcon.colcon_core.package_identification:_identify(src/turtlebot3_simulations/turtlebot3_fake_node) by extension 'colcon_pkg'
[5.646s] Level 1:colcon.colcon_core.package_identification:_identify(src/turtlebot3_simulations/turtlebot3_fake_node) by extensions ['colcon_meta']
[5.646s] Level 1:colcon.colcon_core.package_identification:_identify(src/turtlebot3_simulations/turtlebot3_fake_node) by extension 'colcon_meta'
[5.646s] Level 1:colcon.colcon_core.package_identification:_identify(src/turtlebot3_simulations/turtlebot3_fake_node) by extensions ['ros']
[5.646s] Level 1:colcon.colcon_core.package_identification:_identify(src/turtlebot3_simulations/turtlebot3_fake_node) by extension 'ros'
[5.649s] DEBUG:colcon.colcon_core.package_identification:Package 'src/turtlebot3_simulations/turtlebot3_fake_node' with type 'ros.ament_cmake' and name 'turtlebot3_fake_node'
[5.649s] Level 1:colcon.colcon_core.package_identification:_identify(src/turtlebot3_simulations/turtlebot3_gazebo) by extensions ['ignore', 'ignore_ament_install']
[5.649s] Level 1:colcon.colcon_core.package_identification:_identify(src/turtlebot3_simulations/turtlebot3_gazebo) by extension 'ignore'
[5.649s] Level 1:colcon.colcon_core.package_identification:_identify(src/turtlebot3_simulations/turtlebot3_gazebo) by extension 'ignore_ament_install'
[5.649s] Level 1:colcon.colcon_core.package_identification:_identify(src/turtlebot3_simulations/turtlebot3_gazebo) by extensions ['colcon_pkg']
[5.649s] Level 1:colcon.colcon_core.package_identification:_identify(src/turtlebot3_simulations/turtlebot3_gazebo) by extension 'colcon_pkg'
[5.650s] Level 1:colcon.colcon_core.package_identification:_identify(src/turtlebot3_simulations/turtlebot3_gazebo) by extensions ['colcon_meta']
[5.650s] Level 1:colcon.colcon_core.package_identification:_identify(src/turtlebot3_simulations/turtlebot3_gazebo) by extension 'colcon_meta'
[5.650s] Level 1:colcon.colcon_core.package_identification:_identify(src/turtlebot3_simulations/turtlebot3_gazebo) by extensions ['ros']
[5.650s] Level 1:colcon.colcon_core.package_identification:_identify(src/turtlebot3_simulations/turtlebot3_gazebo) by extension 'ros'
[5.651s] DEBUG:colcon.colcon_core.package_identification:Package 'src/turtlebot3_simulations/turtlebot3_gazebo' with type 'ros.ament_cmake' and name 'turtlebot3_gazebo'
[5.651s] Level 1:colcon.colcon_core.package_identification:_identify(src/turtlebot3_simulations/turtlebot3_simulations) by extensions ['ignore', 'ignore_ament_install']
[5.651s] Level 1:colcon.colcon_core.package_identification:_identify(src/turtlebot3_simulations/turtlebot3_simulations) by extension 'ignore'
[5.651s] Level 1:colcon.colcon_core.package_identification:_identify(src/turtlebot3_simulations/turtlebot3_simulations) by extension 'ignore_ament_install'
[5.651s] Level 1:colcon.colcon_core.package_identification:_identify(src/turtlebot3_simulations/turtlebot3_simulations) by extensions ['colcon_pkg']
[5.651s] Level 1:colcon.colcon_core.package_identification:_identify(src/turtlebot3_simulations/turtlebot3_simulations) by extension 'colcon_pkg'
[5.651s] Level 1:colcon.colcon_core.package_identification:_identify(src/turtlebot3_simulations/turtlebot3_simulations) by extensions ['colcon_meta']
[5.651s] Level 1:colcon.colcon_core.package_identification:_identify(src/turtlebot3_simulations/turtlebot3_simulations) by extension 'colcon_meta'
[5.651s] Level 1:colcon.colcon_core.package_identification:_identify(src/turtlebot3_simulations/turtlebot3_simulations) by extensions ['ros']
[5.651s] Level 1:colcon.colcon_core.package_identification:_identify(src/turtlebot3_simulations/turtlebot3_simulations) by extension 'ros'
[5.652s] DEBUG:colcon.colcon_core.package_identification:Package 'src/turtlebot3_simulations/turtlebot3_simulations' with type 'ros.ament_cmake' and name 'turtlebot3_simulations'
[5.652s] Level 1:colcon.colcon_core.package_discovery:discover_packages(recursive) using defaults
[5.652s] Level 1:colcon.colcon_core.package_discovery:discover_packages(ignore) discover
[5.652s] Level 1:colcon.colcon_core.package_discovery:discover_packages(ignore) using defaults
[5.652s] Level 1:colcon.colcon_core.package_discovery:discover_packages(path) discover
[5.652s] Level 1:colcon.colcon_core.package_discovery:discover_packages(path) using defaults
[6.156s] Level 1:colcon.colcon_core.package_discovery:discover_packages(prefix_path) check parameters
[6.156s] Level 1:colcon.colcon_core.package_discovery:discover_packages(prefix_path) discover
[6.351s] DEBUG:colcon.colcon_installed_package_information.package_discovery:Found 2 installed packages in /home/sdh/robot_ws/install
[6.450s] DEBUG:colcon.colcon_installed_package_information.package_discovery:Found 336 installed packages in /opt/ros/foxy
[6.451s] Level 1:colcon.colcon_core.package_discovery:discover_packages(prefix_path) using defaults
[6.735s] Level 5:colcon.colcon_core.verb:set package 'turtlebot3_fake_node' build argument 'cmake_args' from command line to 'None'
[6.735s] Level 5:colcon.colcon_core.verb:set package 'turtlebot3_fake_node' build argument 'cmake_target' from command line to 'None'
[6.735s] Level 5:colcon.colcon_core.verb:set package 'turtlebot3_fake_node' build argument 'cmake_target_skip_unavailable' from command line to 'False'
[6.735s] Level 5:colcon.colcon_core.verb:set package 'turtlebot3_fake_node' build argument 'cmake_clean_cache' from command line to 'False'
[6.735s] Level 5:colcon.colcon_core.verb:set package 'turtlebot3_fake_node' build argument 'cmake_clean_first' from command line to 'False'
[6.735s] Level 5:colcon.colcon_core.verb:set package 'turtlebot3_fake_node' build argument 'cmake_force_configure' from command line to 'False'
[6.735s] Level 5:colcon.colcon_core.verb:set package 'turtlebot3_fake_node' build argument 'ament_cmake_args' from command line to 'None'
[6.735s] Level 5:colcon.colcon_core.verb:set package 'turtlebot3_fake_node' build argument 'catkin_cmake_args' from command line to 'None'
[6.735s] Level 5:colcon.colcon_core.verb:set package 'turtlebot3_fake_node' build argument 'catkin_skip_building_tests' from command line to 'False'
[6.736s] DEBUG:colcon.colcon_core.verb:Building package 'turtlebot3_fake_node' with the following arguments: {'ament_cmake_args': None, 'build_base': '/home/sdh/turtlebot3_ws/build/turtlebot3_fake_node', 'catkin_cmake_args': None, 'catkin_skip_building_tests': False, 'cmake_args': None, 'cmake_clean_cache': False, 'cmake_clean_first': False, 'cmake_force_configure': False, 'cmake_target': None, 'cmake_target_skip_unavailable': False, 'install_base': '/home/sdh/turtlebot3_ws/install/turtlebot3_fake_node', 'merge_install': False, 'path': '/home/sdh/turtlebot3_ws/src/turtlebot3_simulations/turtlebot3_fake_node', 'symlink_install': False, 'test_result_base': None}
[6.833s] Level 5:colcon.colcon_core.verb:set package 'turtlebot3_gazebo' build argument 'cmake_args' from command line to 'None'
[6.833s] Level 5:colcon.colcon_core.verb:set package 'turtlebot3_gazebo' build argument 'cmake_target' from command line to 'None'
[6.833s] Level 5:colcon.colcon_core.verb:set package 'turtlebot3_gazebo' build argument 'cmake_target_skip_unavailable' from command line to 'False'
[6.833s] Level 5:colcon.colcon_core.verb:set package 'turtlebot3_gazebo' build argument 'cmake_clean_cache' from command line to 'False'
[6.833s] Level 5:colcon.colcon_core.verb:set package 'turtlebot3_gazebo' build argument 'cmake_clean_first' from command line to 'False'
[6.833s] Level 5:colcon.colcon_core.verb:set package 'turtlebot3_gazebo' build argument 'cmake_force_configure' from command line to 'False'
[6.833s] Level 5:colcon.colcon_core.verb:set package 'turtlebot3_gazebo' build argument 'ament_cmake_args' from command line to 'None'
[6.833s] Level 5:colcon.colcon_core.verb:set package 'turtlebot3_gazebo' build argument 'catkin_cmake_args' from command line to 'None'
[6.833s] Level 5:colcon.colcon_core.verb:set package 'turtlebot3_gazebo' build argument 'catkin_skip_building_tests' from command line to 'False'
[6.833s] DEBUG:colcon.colcon_core.verb:Building package 'turtlebot3_gazebo' with the following arguments: {'ament_cmake_args': None, 'build_base': '/home/sdh/turtlebot3_ws/build/turtlebot3_gazebo', 'catkin_cmake_args': None, 'catkin_skip_building_tests': False, 'cmake_args': None, 'cmake_clean_cache': False, 'cmake_clean_first': False, 'cmake_force_configure': False, 'cmake_target': None, 'cmake_target_skip_unavailable': False, 'install_base': '/home/sdh/turtlebot3_ws/install/turtlebot3_gazebo', 'merge_install': False, 'path': '/home/sdh/turtlebot3_ws/src/turtlebot3_simulations/turtlebot3_gazebo', 'symlink_install': False, 'test_result_base': None}
[6.931s] Level 5:colcon.colcon_core.verb:set package 'turtlebot3_simulations' build argument 'cmake_args' from command line to 'None'
[6.931s] Level 5:colcon.colcon_core.verb:set package 'turtlebot3_simulations' build argument 'cmake_target' from command line to 'None'
[6.931s] Level 5:colcon.colcon_core.verb:set package 'turtlebot3_simulations' build argument 'cmake_target_skip_unavailable' from command line to 'False'
[6.931s] Level 5:colcon.colcon_core.verb:set package 'turtlebot3_simulations' build argument 'cmake_clean_cache' from command line to 'False'
[6.931s] Level 5:colcon.colcon_core.verb:set package 'turtlebot3_simulations' build argument 'cmake_clean_first' from command line to 'False'
[6.931s] Level 5:colcon.colcon_core.verb:set package 'turtlebot3_simulations' build argument 'cmake_force_configure' from command line to 'False'
[6.931s] Level 5:colcon.colcon_core.verb:set package 'turtlebot3_simulations' build argument 'ament_cmake_args' from command line to 'None'
[6.931s] Level 5:colcon.colcon_core.verb:set package 'turtlebot3_simulations' build argument 'catkin_cmake_args' from command line to 'None'
[6.931s] Level 5:colcon.colcon_core.verb:set package 'turtlebot3_simulations' build argument 'catkin_skip_building_tests' from command line to 'False'
[6.931s] DEBUG:colcon.colcon_core.verb:Building package 'turtlebot3_simulations' with the following arguments: {'ament_cmake_args': None, 'build_base': '/home/sdh/turtlebot3_ws/build/turtlebot3_simulations', 'catkin_cmake_args': None, 'catkin_skip_building_tests': False, 'cmake_args': None, 'cmake_clean_cache': False, 'cmake_clean_first': False, 'cmake_force_configure': False, 'cmake_target': None, 'cmake_target_skip_unavailable': False, 'install_base': '/home/sdh/turtlebot3_ws/install/turtlebot3_simulations', 'merge_install': False, 'path': '/home/sdh/turtlebot3_ws/src/turtlebot3_simulations/turtlebot3_simulations', 'symlink_install': False, 'test_result_base': None}
[7.028s] INFO:colcon.colcon_core.executor:Executing jobs using 'parallel' executor
[7.126s] DEBUG:colcon.colcon_parallel_executor.executor.parallel:run_until_complete
[7.126s] INFO:colcon.colcon_ros.task.ament_cmake.build:Building ROS package in '/home/sdh/turtlebot3_ws/src/turtlebot3_simulations/turtlebot3_fake_node' with build type 'ament_cmake'
[7.126s] INFO:colcon.colcon_cmake.task.cmake.build:Building CMake package in '/home/sdh/turtlebot3_ws/src/turtlebot3_simulations/turtlebot3_fake_node'
[7.228s] INFO:colcon.colcon_core.plugin_system:Skipping extension 'colcon_core.shell.bat': Not used on non-Windows systems
[7.228s] INFO:colcon.colcon_core.shell:Skip shell extension 'powershell' for command environment: Not usable outside of PowerShell
[7.228s] DEBUG:colcon.colcon_core.shell:Skip shell extension 'dsv' for command environment
[7.533s] INFO:colcon.colcon_ros.task.ament_cmake.build:Building ROS package in '/home/sdh/turtlebot3_ws/src/turtlebot3_simulations/turtlebot3_gazebo' with build type 'ament_cmake'
[7.533s] INFO:colcon.colcon_cmake.task.cmake.build:Building CMake package in '/home/sdh/turtlebot3_ws/src/turtlebot3_simulations/turtlebot3_gazebo'
[7.635s] INFO:colcon.colcon_core.shell:Skip shell extension 'powershell' for command environment: Not usable outside of PowerShell
[7.635s] DEBUG:colcon.colcon_core.shell:Skip shell extension 'dsv' for command environment
[7.946s] DEBUG:colcon.colcon_core.event_handler.log_command:Invoking command in '/home/sdh/turtlebot3_ws/build/turtlebot3_fake_node': CMAKE_PREFIX_PATH=/home/sdh/robot_ws/install/turtle_pkg:/home/sdh/robot_ws/install/py_pubsub:/opt/ros/foxy /usr/bin/cmake --build /home/sdh/turtlebot3_ws/build/turtlebot3_fake_node -- -j8 -l8
[7.956s] DEBUG:colcon.colcon_core.event_handler.log_command:Invoking command in '/home/sdh/turtlebot3_ws/build/turtlebot3_gazebo': CMAKE_PREFIX_PATH=/home/sdh/robot_ws/install/turtle_pkg:/home/sdh/robot_ws/install/py_pubsub:/opt/ros/foxy /usr/bin/cmake --build /home/sdh/turtlebot3_ws/build/turtlebot3_gazebo -- -j8 -l8
[8.044s] DEBUG:colcon.colcon_core.event_handler.log_command:Invoked command in '/home/sdh/turtlebot3_ws/build/turtlebot3_fake_node' returned '0': CMAKE_PREFIX_PATH=/home/sdh/robot_ws/install/turtle_pkg:/home/sdh/robot_ws/install/py_pubsub:/opt/ros/foxy /usr/bin/cmake --build /home/sdh/turtlebot3_ws/build/turtlebot3_fake_node -- -j8 -l8
[8.055s] DEBUG:colcon.colcon_core.event_handler.log_command:Invoked command in '/home/sdh/turtlebot3_ws/build/turtlebot3_gazebo' returned '0': CMAKE_PREFIX_PATH=/home/sdh/robot_ws/install/turtle_pkg:/home/sdh/robot_ws/install/py_pubsub:/opt/ros/foxy /usr/bin/cmake --build /home/sdh/turtlebot3_ws/build/turtlebot3_gazebo -- -j8 -l8
[8.086s] DEBUG:colcon.colcon_core.event_handler.log_command:Invoking command in '/home/sdh/turtlebot3_ws/build/turtlebot3_fake_node': CMAKE_PREFIX_PATH=/home/sdh/robot_ws/install/turtle_pkg:/home/sdh/robot_ws/install/py_pubsub:/opt/ros/foxy /usr/bin/cmake --install /home/sdh/turtlebot3_ws/build/turtlebot3_fake_node
[8.094s] DEBUG:colcon.colcon_core.event_handler.log_command:Invoking command in '/home/sdh/turtlebot3_ws/build/turtlebot3_gazebo': CMAKE_PREFIX_PATH=/home/sdh/robot_ws/install/turtle_pkg:/home/sdh/robot_ws/install/py_pubsub:/opt/ros/foxy /usr/bin/cmake --install /home/sdh/turtlebot3_ws/build/turtlebot3_gazebo
[8.120s] Level 1:colcon.colcon_core.environment:create_environment_scripts_only(turtlebot3_fake_node)
[8.122s] DEBUG:colcon.colcon_core.event_handler.log_command:Invoked command in '/home/sdh/turtlebot3_ws/build/turtlebot3_fake_node' returned '0': CMAKE_PREFIX_PATH=/home/sdh/robot_ws/install/turtle_pkg:/home/sdh/robot_ws/install/py_pubsub:/opt/ros/foxy /usr/bin/cmake --install /home/sdh/turtlebot3_ws/build/turtlebot3_fake_node
[8.237s] Level 1:colcon.colcon_core.environment:checking '/home/sdh/turtlebot3_ws/install/turtlebot3_fake_node' for CMake module files
[8.238s] Level 1:colcon.colcon_core.environment:checking '/home/sdh/turtlebot3_ws/install/turtlebot3_fake_node' for CMake config files
[8.238s] Level 1:colcon.colcon_core.shell:create_environment_hook('turtlebot3_fake_node', 'cmake_prefix_path')
[8.338s] INFO:colcon.colcon_core.shell:Creating environment hook '/home/sdh/turtlebot3_ws/install/turtlebot3_fake_node/share/turtlebot3_fake_node/hook/cmake_prefix_path.ps1'
[8.339s] INFO:colcon.colcon_core.shell:Creating environment descriptor '/home/sdh/turtlebot3_ws/install/turtlebot3_fake_node/share/turtlebot3_fake_node/hook/cmake_prefix_path.dsv'
[8.339s] INFO:colcon.colcon_core.shell:Creating environment hook '/home/sdh/turtlebot3_ws/install/turtlebot3_fake_node/share/turtlebot3_fake_node/hook/cmake_prefix_path.sh'
[8.340s] Level 1:colcon.colcon_core.environment:checking '/home/sdh/turtlebot3_ws/install/turtlebot3_fake_node/lib'
[8.340s] Level 1:colcon.colcon_core.environment:checking '/home/sdh/turtlebot3_ws/install/turtlebot3_fake_node/bin'
[8.340s] Level 1:colcon.colcon_core.environment:checking '/home/sdh/turtlebot3_ws/install/turtlebot3_fake_node/lib/pkgconfig/turtlebot3_fake_node.pc'
[8.341s] Level 1:colcon.colcon_core.environment:checking '/home/sdh/turtlebot3_ws/install/turtlebot3_fake_node/lib/python3.8/site-packages'
[8.341s] Level 1:colcon.colcon_core.environment:checking '/home/sdh/turtlebot3_ws/install/turtlebot3_fake_node/bin'
[8.441s] INFO:colcon.colcon_core.shell:Creating package script '/home/sdh/turtlebot3_ws/install/turtlebot3_fake_node/share/turtlebot3_fake_node/package.ps1'
[8.442s] INFO:colcon.colcon_core.shell:Creating package descriptor '/home/sdh/turtlebot3_ws/install/turtlebot3_fake_node/share/turtlebot3_fake_node/package.dsv'
[8.442s] INFO:colcon.colcon_core.shell:Creating package script '/home/sdh/turtlebot3_ws/install/turtlebot3_fake_node/share/turtlebot3_fake_node/package.sh'
[8.443s] INFO:colcon.colcon_core.shell:Creating package script '/home/sdh/turtlebot3_ws/install/turtlebot3_fake_node/share/turtlebot3_fake_node/package.bash'
[8.444s] INFO:colcon.colcon_core.shell:Creating package script '/home/sdh/turtlebot3_ws/install/turtlebot3_fake_node/share/turtlebot3_fake_node/package.zsh'
[8.444s] Level 1:colcon.colcon_core.environment:create_file_with_runtime_dependencies(/home/sdh/turtlebot3_ws/install/turtlebot3_fake_node/share/colcon-core/packages/turtlebot3_fake_node)
[8.448s] Level 1:colcon.colcon_core.environment:create_environment_scripts_only(turtlebot3_gazebo)
[8.450s] DEBUG:colcon.colcon_core.event_handler.log_command:Invoked command in '/home/sdh/turtlebot3_ws/build/turtlebot3_gazebo' returned '0': CMAKE_PREFIX_PATH=/home/sdh/robot_ws/install/turtle_pkg:/home/sdh/robot_ws/install/py_pubsub:/opt/ros/foxy /usr/bin/cmake --install /home/sdh/turtlebot3_ws/build/turtlebot3_gazebo
[8.552s] Level 1:colcon.colcon_core.environment:checking '/home/sdh/turtlebot3_ws/install/turtlebot3_gazebo' for CMake module files
[8.553s] Level 1:colcon.colcon_core.environment:checking '/home/sdh/turtlebot3_ws/install/turtlebot3_gazebo' for CMake config files
[8.555s] Level 1:colcon.colcon_core.shell:create_environment_hook('turtlebot3_gazebo', 'cmake_prefix_path')
[8.656s] INFO:colcon.colcon_core.shell:Creating environment hook '/home/sdh/turtlebot3_ws/install/turtlebot3_gazebo/share/turtlebot3_gazebo/hook/cmake_prefix_path.ps1'
[8.656s] INFO:colcon.colcon_core.shell:Creating environment descriptor '/home/sdh/turtlebot3_ws/install/turtlebot3_gazebo/share/turtlebot3_gazebo/hook/cmake_prefix_path.dsv'
[8.656s] INFO:colcon.colcon_core.shell:Creating environment hook '/home/sdh/turtlebot3_ws/install/turtlebot3_gazebo/share/turtlebot3_gazebo/hook/cmake_prefix_path.sh'
[8.657s] Level 1:colcon.colcon_core.environment:checking '/home/sdh/turtlebot3_ws/install/turtlebot3_gazebo/lib'
[8.657s] Level 1:colcon.colcon_core.environment:checking '/home/sdh/turtlebot3_ws/install/turtlebot3_gazebo/bin'
[8.657s] Level 1:colcon.colcon_core.environment:checking '/home/sdh/turtlebot3_ws/install/turtlebot3_gazebo/lib/pkgconfig/turtlebot3_gazebo.pc'
[8.657s] Level 1:colcon.colcon_core.environment:checking '/home/sdh/turtlebot3_ws/install/turtlebot3_gazebo/lib/python3.8/site-packages'
[8.658s] Level 1:colcon.colcon_core.environment:checking '/home/sdh/turtlebot3_ws/install/turtlebot3_gazebo/bin'
[8.758s] INFO:colcon.colcon_core.shell:Creating package script '/home/sdh/turtlebot3_ws/install/turtlebot3_gazebo/share/turtlebot3_gazebo/package.ps1'
[8.759s] INFO:colcon.colcon_core.shell:Creating package descriptor '/home/sdh/turtlebot3_ws/install/turtlebot3_gazebo/share/turtlebot3_gazebo/package.dsv'
[8.759s] INFO:colcon.colcon_core.shell:Creating package script '/home/sdh/turtlebot3_ws/install/turtlebot3_gazebo/share/turtlebot3_gazebo/package.sh'
[8.759s] INFO:colcon.colcon_core.shell:Creating package script '/home/sdh/turtlebot3_ws/install/turtlebot3_gazebo/share/turtlebot3_gazebo/package.bash'
[8.760s] INFO:colcon.colcon_core.shell:Creating package script '/home/sdh/turtlebot3_ws/install/turtlebot3_gazebo/share/turtlebot3_gazebo/package.zsh'
[8.760s] Level 1:colcon.colcon_core.environment:create_file_with_runtime_dependencies(/home/sdh/turtlebot3_ws/install/turtlebot3_gazebo/share/colcon-core/packages/turtlebot3_gazebo)
[8.867s] Level 1:colcon.colcon_core.environment:create_environment_scripts_only(turtlebot3_fake_node)
[8.967s] Level 1:colcon.colcon_core.environment:checking '/home/sdh/turtlebot3_ws/install/turtlebot3_fake_node' for CMake module files
[8.968s] Level 1:colcon.colcon_core.environment:checking '/home/sdh/turtlebot3_ws/install/turtlebot3_fake_node' for CMake config files
[8.968s] Level 1:colcon.colcon_core.shell:create_environment_hook('turtlebot3_fake_node', 'cmake_prefix_path')
[9.071s] INFO:colcon.colcon_core.shell:Creating environment hook '/home/sdh/turtlebot3_ws/install/turtlebot3_fake_node/share/turtlebot3_fake_node/hook/cmake_prefix_path.ps1'
[9.071s] INFO:colcon.colcon_core.shell:Creating environment descriptor '/home/sdh/turtlebot3_ws/install/turtlebot3_fake_node/share/turtlebot3_fake_node/hook/cmake_prefix_path.dsv'
[9.072s] INFO:colcon.colcon_core.shell:Creating environment hook '/home/sdh/turtlebot3_ws/install/turtlebot3_fake_node/share/turtlebot3_fake_node/hook/cmake_prefix_path.sh'
[9.072s] Level 1:colcon.colcon_core.environment:checking '/home/sdh/turtlebot3_ws/install/turtlebot3_fake_node/lib'
[9.072s] Level 1:colcon.colcon_core.environment:checking '/home/sdh/turtlebot3_ws/install/turtlebot3_fake_node/bin'
[9.072s] Level 1:colcon.colcon_core.environment:checking '/home/sdh/turtlebot3_ws/install/turtlebot3_fake_node/lib/pkgconfig/turtlebot3_fake_node.pc'
[9.073s] Level 1:colcon.colcon_core.environment:checking '/home/sdh/turtlebot3_ws/install/turtlebot3_fake_node/lib/python3.8/site-packages'
[9.073s] Level 1:colcon.colcon_core.environment:checking '/home/sdh/turtlebot3_ws/install/turtlebot3_fake_node/bin'
[9.173s] INFO:colcon.colcon_core.shell:Creating package script '/home/sdh/turtlebot3_ws/install/turtlebot3_fake_node/share/turtlebot3_fake_node/package.ps1'
[9.174s] INFO:colcon.colcon_core.shell:Creating package descriptor '/home/sdh/turtlebot3_ws/install/turtlebot3_fake_node/share/turtlebot3_fake_node/package.dsv'
[9.174s] INFO:colcon.colcon_core.shell:Creating package script '/home/sdh/turtlebot3_ws/install/turtlebot3_fake_node/share/turtlebot3_fake_node/package.sh'
[9.175s] INFO:colcon.colcon_core.shell:Creating package script '/home/sdh/turtlebot3_ws/install/turtlebot3_fake_node/share/turtlebot3_fake_node/package.bash'
[9.175s] INFO:colcon.colcon_core.shell:Creating package script '/home/sdh/turtlebot3_ws/install/turtlebot3_fake_node/share/turtlebot3_fake_node/package.zsh'
[9.175s] Level 1:colcon.colcon_core.environment:create_file_with_runtime_dependencies(/home/sdh/turtlebot3_ws/install/turtlebot3_fake_node/share/colcon-core/packages/turtlebot3_fake_node)
[9.294s] Level 1:colcon.colcon_core.environment:create_environment_scripts_only(turtlebot3_gazebo)
[9.392s] Level 1:colcon.colcon_core.environment:checking '/home/sdh/turtlebot3_ws/install/turtlebot3_gazebo' for CMake module files
[9.393s] Level 1:colcon.colcon_core.environment:checking '/home/sdh/turtlebot3_ws/install/turtlebot3_gazebo' for CMake config files
[9.395s] Level 1:colcon.colcon_core.shell:create_environment_hook('turtlebot3_gazebo', 'cmake_prefix_path')
[9.493s] INFO:colcon.colcon_core.shell:Creating environment hook '/home/sdh/turtlebot3_ws/install/turtlebot3_gazebo/share/turtlebot3_gazebo/hook/cmake_prefix_path.ps1'
[9.494s] INFO:colcon.colcon_core.shell:Creating environment descriptor '/home/sdh/turtlebot3_ws/install/turtlebot3_gazebo/share/turtlebot3_gazebo/hook/cmake_prefix_path.dsv'
[9.494s] INFO:colcon.colcon_core.shell:Creating environment hook '/home/sdh/turtlebot3_ws/install/turtlebot3_gazebo/share/turtlebot3_gazebo/hook/cmake_prefix_path.sh'
[9.494s] Level 1:colcon.colcon_core.environment:checking '/home/sdh/turtlebot3_ws/install/turtlebot3_gazebo/lib'
[9.494s] Level 1:colcon.colcon_core.environment:checking '/home/sdh/turtlebot3_ws/install/turtlebot3_gazebo/bin'
[9.494s] Level 1:colcon.colcon_core.environment:checking '/home/sdh/turtlebot3_ws/install/turtlebot3_gazebo/lib/pkgconfig/turtlebot3_gazebo.pc'
[9.495s] Level 1:colcon.colcon_core.environment:checking '/home/sdh/turtlebot3_ws/install/turtlebot3_gazebo/lib/python3.8/site-packages'
[9.495s] Level 1:colcon.colcon_core.environment:checking '/home/sdh/turtlebot3_ws/install/turtlebot3_gazebo/bin'
[9.594s] INFO:colcon.colcon_core.shell:Creating package script '/home/sdh/turtlebot3_ws/install/turtlebot3_gazebo/share/turtlebot3_gazebo/package.ps1'
[9.595s] INFO:colcon.colcon_core.shell:Creating package descriptor '/home/sdh/turtlebot3_ws/install/turtlebot3_gazebo/share/turtlebot3_gazebo/package.dsv'
[9.595s] INFO:colcon.colcon_core.shell:Creating package script '/home/sdh/turtlebot3_ws/install/turtlebot3_gazebo/share/turtlebot3_gazebo/package.sh'
[9.595s] INFO:colcon.colcon_core.shell:Creating package script '/home/sdh/turtlebot3_ws/install/turtlebot3_gazebo/share/turtlebot3_gazebo/package.bash'
[9.596s] INFO:colcon.colcon_core.shell:Creating package script '/home/sdh/turtlebot3_ws/install/turtlebot3_gazebo/share/turtlebot3_gazebo/package.zsh'
[9.596s] Level 1:colcon.colcon_core.environment:create_file_with_runtime_dependencies(/home/sdh/turtlebot3_ws/install/turtlebot3_gazebo/share/colcon-core/packages/turtlebot3_gazebo)
[9.596s] INFO:colcon.colcon_ros.task.ament_cmake.build:Building ROS package in '/home/sdh/turtlebot3_ws/src/turtlebot3_simulations/turtlebot3_simulations' with build type 'ament_cmake'
[9.597s] INFO:colcon.colcon_cmake.task.cmake.build:Building CMake package in '/home/sdh/turtlebot3_ws/src/turtlebot3_simulations/turtlebot3_simulations'
[9.700s] INFO:colcon.colcon_core.shell:Skip shell extension 'powershell' for command environment: Not usable outside of PowerShell
[9.700s] DEBUG:colcon.colcon_core.shell:Skip shell extension 'dsv' for command environment
[10.021s] DEBUG:colcon.colcon_core.event_handler.log_command:Invoking command in '/home/sdh/turtlebot3_ws/build/turtlebot3_simulations': AMENT_PREFIX_PATH=/home/sdh/turtlebot3_ws/install/turtlebot3_gazebo:/home/sdh/turtlebot3_ws/install/turtlebot3_fake_node:${AMENT_PREFIX_PATH} CMAKE_PREFIX_PATH=/home/sdh/turtlebot3_ws/install/turtlebot3_gazebo:/home/sdh/turtlebot3_ws/install/turtlebot3_fake_node:/home/sdh/robot_ws/install/turtle_pkg:/home/sdh/robot_ws/install/py_pubsub:/opt/ros/foxy /usr/bin/cmake --build /home/sdh/turtlebot3_ws/build/turtlebot3_simulations -- -j8 -l8
[10.062s] DEBUG:colcon.colcon_core.event_handler.log_command:Invoked command in '/home/sdh/turtlebot3_ws/build/turtlebot3_simulations' returned '0': AMENT_PREFIX_PATH=/home/sdh/turtlebot3_ws/install/turtlebot3_gazebo:/home/sdh/turtlebot3_ws/install/turtlebot3_fake_node:${AMENT_PREFIX_PATH} CMAKE_PREFIX_PATH=/home/sdh/turtlebot3_ws/install/turtlebot3_gazebo:/home/sdh/turtlebot3_ws/install/turtlebot3_fake_node:/home/sdh/robot_ws/install/turtle_pkg:/home/sdh/robot_ws/install/py_pubsub:/opt/ros/foxy /usr/bin/cmake --build /home/sdh/turtlebot3_ws/build/turtlebot3_simulations -- -j8 -l8
[10.088s] DEBUG:colcon.colcon_core.event_handler.log_command:Invoking command in '/home/sdh/turtlebot3_ws/build/turtlebot3_simulations': AMENT_PREFIX_PATH=/home/sdh/turtlebot3_ws/install/turtlebot3_gazebo:/home/sdh/turtlebot3_ws/install/turtlebot3_fake_node:${AMENT_PREFIX_PATH} CMAKE_PREFIX_PATH=/home/sdh/turtlebot3_ws/install/turtlebot3_gazebo:/home/sdh/turtlebot3_ws/install/turtlebot3_fake_node:/home/sdh/robot_ws/install/turtle_pkg:/home/sdh/robot_ws/install/py_pubsub:/opt/ros/foxy /usr/bin/cmake --install /home/sdh/turtlebot3_ws/build/turtlebot3_simulations
[10.099s] Level 1:colcon.colcon_core.environment:create_environment_scripts_only(turtlebot3_simulations)
[10.100s] DEBUG:colcon.colcon_core.event_handler.log_command:Invoked command in '/home/sdh/turtlebot3_ws/build/turtlebot3_simulations' returned '0': AMENT_PREFIX_PATH=/home/sdh/turtlebot3_ws/install/turtlebot3_gazebo:/home/sdh/turtlebot3_ws/install/turtlebot3_fake_node:${AMENT_PREFIX_PATH} CMAKE_PREFIX_PATH=/home/sdh/turtlebot3_ws/install/turtlebot3_gazebo:/home/sdh/turtlebot3_ws/install/turtlebot3_fake_node:/home/sdh/robot_ws/install/turtle_pkg:/home/sdh/robot_ws/install/py_pubsub:/opt/ros/foxy /usr/bin/cmake --install /home/sdh/turtlebot3_ws/build/turtlebot3_simulations
[10.201s] Level 1:colcon.colcon_core.environment:checking '/home/sdh/turtlebot3_ws/install/turtlebot3_simulations' for CMake module files
[10.201s] Level 1:colcon.colcon_core.environment:checking '/home/sdh/turtlebot3_ws/install/turtlebot3_simulations' for CMake config files
[10.202s] Level 1:colcon.colcon_core.shell:create_environment_hook('turtlebot3_simulations', 'cmake_prefix_path')
[10.300s] INFO:colcon.colcon_core.shell:Creating environment hook '/home/sdh/turtlebot3_ws/install/turtlebot3_simulations/share/turtlebot3_simulations/hook/cmake_prefix_path.ps1'
[10.301s] INFO:colcon.colcon_core.shell:Creating environment descriptor '/home/sdh/turtlebot3_ws/install/turtlebot3_simulations/share/turtlebot3_simulations/hook/cmake_prefix_path.dsv'
[10.301s] INFO:colcon.colcon_core.shell:Creating environment hook '/home/sdh/turtlebot3_ws/install/turtlebot3_simulations/share/turtlebot3_simulations/hook/cmake_prefix_path.sh'
[10.302s] Level 1:colcon.colcon_core.environment:checking '/home/sdh/turtlebot3_ws/install/turtlebot3_simulations/bin'
[10.302s] Level 1:colcon.colcon_core.environment:checking '/home/sdh/turtlebot3_ws/install/turtlebot3_simulations/lib/pkgconfig/turtlebot3_simulations.pc'
[10.302s] Level 1:colcon.colcon_core.environment:checking '/home/sdh/turtlebot3_ws/install/turtlebot3_simulations/lib/python3.8/site-packages'
[10.302s] Level 1:colcon.colcon_core.environment:checking '/home/sdh/turtlebot3_ws/install/turtlebot3_simulations/bin'
[10.402s] INFO:colcon.colcon_core.shell:Creating package script '/home/sdh/turtlebot3_ws/install/turtlebot3_simulations/share/turtlebot3_simulations/package.ps1'
[10.402s] INFO:colcon.colcon_core.shell:Creating package descriptor '/home/sdh/turtlebot3_ws/install/turtlebot3_simulations/share/turtlebot3_simulations/package.dsv'
[10.402s] INFO:colcon.colcon_core.shell:Creating package script '/home/sdh/turtlebot3_ws/install/turtlebot3_simulations/share/turtlebot3_simulations/package.sh'
[10.403s] INFO:colcon.colcon_core.shell:Creating package script '/home/sdh/turtlebot3_ws/install/turtlebot3_simulations/share/turtlebot3_simulations/package.bash'
[10.403s] INFO:colcon.colcon_core.shell:Creating package script '/home/sdh/turtlebot3_ws/install/turtlebot3_simulations/share/turtlebot3_simulations/package.zsh'
[10.403s] Level 1:colcon.colcon_core.environment:create_file_with_runtime_dependencies(/home/sdh/turtlebot3_ws/install/turtlebot3_simulations/share/colcon-core/packages/turtlebot3_simulations)
[10.527s] Level 1:colcon.colcon_core.environment:create_environment_scripts_only(turtlebot3_simulations)
[10.624s] Level 1:colcon.colcon_core.environment:checking '/home/sdh/turtlebot3_ws/install/turtlebot3_simulations' for CMake module files
[10.625s] Level 1:colcon.colcon_core.environment:checking '/home/sdh/turtlebot3_ws/install/turtlebot3_simulations' for CMake config files
[10.625s] Level 1:colcon.colcon_core.shell:create_environment_hook('turtlebot3_simulations', 'cmake_prefix_path')
[10.722s] INFO:colcon.colcon_core.shell:Creating environment hook '/home/sdh/turtlebot3_ws/install/turtlebot3_simulations/share/turtlebot3_simulations/hook/cmake_prefix_path.ps1'
[10.723s] INFO:colcon.colcon_core.shell:Creating environment descriptor '/home/sdh/turtlebot3_ws/install/turtlebot3_simulations/share/turtlebot3_simulations/hook/cmake_prefix_path.dsv'
[10.723s] INFO:colcon.colcon_core.shell:Creating environment hook '/home/sdh/turtlebot3_ws/install/turtlebot3_simulations/share/turtlebot3_simulations/hook/cmake_prefix_path.sh'
[10.723s] Level 1:colcon.colcon_core.environment:checking '/home/sdh/turtlebot3_ws/install/turtlebot3_simulations/bin'
[10.723s] Level 1:colcon.colcon_core.environment:checking '/home/sdh/turtlebot3_ws/install/turtlebot3_simulations/lib/pkgconfig/turtlebot3_simulations.pc'
[10.724s] Level 1:colcon.colcon_core.environment:checking '/home/sdh/turtlebot3_ws/install/turtlebot3_simulations/lib/python3.8/site-packages'
[10.724s] Level 1:colcon.colcon_core.environment:checking '/home/sdh/turtlebot3_ws/install/turtlebot3_simulations/bin'
[10.822s] INFO:colcon.colcon_core.shell:Creating package script '/home/sdh/turtlebot3_ws/install/turtlebot3_simulations/share/turtlebot3_simulations/package.ps1'
[10.823s] INFO:colcon.colcon_core.shell:Creating package descriptor '/home/sdh/turtlebot3_ws/install/turtlebot3_simulations/share/turtlebot3_simulations/package.dsv'
[10.823s] INFO:colcon.colcon_core.shell:Creating package script '/home/sdh/turtlebot3_ws/install/turtlebot3_simulations/share/turtlebot3_simulations/package.sh'
[10.824s] INFO:colcon.colcon_core.shell:Creating package script '/home/sdh/turtlebot3_ws/install/turtlebot3_simulations/share/turtlebot3_simulations/package.bash'
[10.824s] INFO:colcon.colcon_core.shell:Creating package script '/home/sdh/turtlebot3_ws/install/turtlebot3_simulations/share/turtlebot3_simulations/package.zsh'
[10.824s] Level 1:colcon.colcon_core.environment:create_file_with_runtime_dependencies(/home/sdh/turtlebot3_ws/install/turtlebot3_simulations/share/colcon-core/packages/turtlebot3_simulations)
[10.825s] DEBUG:colcon.colcon_parallel_executor.executor.parallel:closing loop
[10.825s] DEBUG:colcon.colcon_parallel_executor.executor.parallel:loop closed
[10.825s] DEBUG:colcon.colcon_parallel_executor.executor.parallel:run_until_complete finished with '0'
[10.825s] DEBUG:colcon.colcon_core.event_reactor:joining thread
[10.930s] INFO:colcon.colcon_core.plugin_system:Skipping extension 'colcon_notification.desktop_notification.terminal_notifier': Not used on non-Darwin systems
[10.930s] INFO:colcon.colcon_core.plugin_system:Skipping extension 'colcon_notification.desktop_notification.win32': Not used on non-Windows systems
[10.930s] INFO:colcon.colcon_notification.desktop_notification:Sending desktop notification using 'notify2'
[10.944s] DEBUG:colcon.colcon_core.event_reactor:joined thread
[11.043s] INFO:colcon.colcon_core.shell:Creating prefix script '/home/sdh/turtlebot3_ws/install/local_setup.ps1'
[11.044s] INFO:colcon.colcon_core.shell:Creating prefix util module '/home/sdh/turtlebot3_ws/install/_local_setup_util_ps1.py'
[11.045s] INFO:colcon.colcon_core.shell:Creating prefix chain script '/home/sdh/turtlebot3_ws/install/setup.ps1'
[11.145s] INFO:colcon.colcon_core.shell:Creating prefix script '/home/sdh/turtlebot3_ws/install/local_setup.sh'
[11.145s] INFO:colcon.colcon_core.shell:Creating prefix util module '/home/sdh/turtlebot3_ws/install/_local_setup_util_sh.py'
[11.146s] INFO:colcon.colcon_core.shell:Creating prefix chain script '/home/sdh/turtlebot3_ws/install/setup.sh'
[11.245s] INFO:colcon.colcon_core.shell:Creating prefix script '/home/sdh/turtlebot3_ws/install/local_setup.bash'
[11.246s] INFO:colcon.colcon_core.shell:Creating prefix chain script '/home/sdh/turtlebot3_ws/install/setup.bash'
[11.346s] INFO:colcon.colcon_core.shell:Creating prefix script '/home/sdh/turtlebot3_ws/install/local_setup.zsh'
[11.346s] INFO:colcon.colcon_core.shell:Creating prefix chain script '/home/sdh/turtlebot3_ws/install/setup.zsh'
